0 info it worked if it ends with ok
1 verbose cli [ 'C:\\Program Files\\nodejs\\node.exe',
1 verbose cli   'C:\\Program Files\\nodejs\\node_modules\\npm\\bin\\npm-cli.js',
1 verbose cli   'install',
1 verbose cli   '--save',
1 verbose cli   'speaker' ]
2 info using npm@3.3.12
3 info using node@v5.1.0
4 silly loadCurrentTree Starting
5 silly install loadCurrentTree
6 silly install readLocalPackageData
7 silly fetchPackageMetaData speaker@^0.2.6
8 silly fetchNamedPackageData speaker
9 silly mapToRegistry name speaker
10 silly mapToRegistry using default registry
11 silly mapToRegistry registry https://registry.npmjs.org/
12 silly mapToRegistry uri https://registry.npmjs.org/speaker
13 verbose request uri https://registry.npmjs.org/speaker
14 verbose request no auth needed
15 info attempt registry request try #1 at 5:11:24 PM
16 verbose request id 1235d510ff6f08b2
17 verbose etag W/"592c66ef-7912"
18 verbose lastModified Mon, 29 May 2017 18:22:39 GMT
19 http request GET https://registry.npmjs.org/speaker
20 http 304 https://registry.npmjs.org/speaker
21 verbose headers { date: 'Wed, 28 Jun 2017 16:11:26 GMT',
21 verbose headers   via: '1.1 varnish',
21 verbose headers   'cache-control': 'max-age=300',
21 verbose headers   etag: 'W/"592c66ef-7912"',
21 verbose headers   age: '0',
21 verbose headers   connection: 'keep-alive',
21 verbose headers   'x-served-by': 'cache-lcy1148-LCY',
21 verbose headers   'x-cache': 'MISS',
21 verbose headers   'x-cache-hits': '0',
21 verbose headers   'x-timer': 'S1498666286.010458,VS0,VE19',
21 verbose headers   vary: 'Accept-Encoding' }
22 silly get cb [ 304,
22 silly get   { date: 'Wed, 28 Jun 2017 16:11:26 GMT',
22 silly get     via: '1.1 varnish',
22 silly get     'cache-control': 'max-age=300',
22 silly get     etag: 'W/"592c66ef-7912"',
22 silly get     age: '0',
22 silly get     connection: 'keep-alive',
22 silly get     'x-served-by': 'cache-lcy1148-LCY',
22 silly get     'x-cache': 'MISS',
22 silly get     'x-cache-hits': '0',
22 silly get     'x-timer': 'S1498666286.010458,VS0,VE19',
22 silly get     vary: 'Accept-Encoding' } ]
23 verbose etag https://registry.npmjs.org/speaker from cache
24 verbose get saving speaker to C:\Users\ccaine\AppData\Roaming\npm-cache\registry.npmjs.org\speaker\.cache.json
25 silly install normalizeTree
26 silly loadCurrentTree Finishing
27 silly loadIdealTree Starting
28 silly install loadIdealTree
29 silly cloneCurrentTree Starting
30 silly install cloneCurrentTreeToIdealTree
31 silly cloneCurrentTree Finishing
32 silly loadShrinkwrap Starting
33 silly install loadShrinkwrap
34 silly loadShrinkwrap Finishing
35 silly loadAllDepsIntoIdealTree Starting
36 silly install loadAllDepsIntoIdealTree
37 silly resolveWithNewModule speaker@0.2.6 checking installable status
38 silly cache add args [ 'speaker@^0.2.6', null ]
39 verbose cache add spec speaker@^0.2.6
40 silly cache add parsed spec Result {
40 silly cache add   raw: 'speaker@^0.2.6',
40 silly cache add   scope: null,
40 silly cache add   name: 'speaker',
40 silly cache add   rawSpec: '^0.2.6',
40 silly cache add   spec: '>=0.2.6 <0.3.0',
40 silly cache add   type: 'range' }
41 silly addNamed speaker@>=0.2.6 <0.3.0
42 verbose addNamed ">=0.2.6 <0.3.0" is a valid semver range for speaker
43 silly addNameRange { name: 'speaker', range: '>=0.2.6 <0.3.0', hasData: false }
44 silly mapToRegistry name speaker
45 silly mapToRegistry using default registry
46 silly mapToRegistry registry https://registry.npmjs.org/
47 silly mapToRegistry uri https://registry.npmjs.org/speaker
48 verbose addNameRange registry:https://registry.npmjs.org/speaker not in flight; fetching
49 verbose get https://registry.npmjs.org/speaker not expired, no request
50 silly addNameRange number 2 { name: 'speaker', range: '>=0.2.6 <0.3.0', hasData: true }
51 silly addNameRange versions [ 'speaker',
51 silly addNameRange   [ '0.0.1',
51 silly addNameRange     '0.0.2',
51 silly addNameRange     '0.0.3',
51 silly addNameRange     '0.0.4',
51 silly addNameRange     '0.0.5',
51 silly addNameRange     '0.0.6',
51 silly addNameRange     '0.0.7',
51 silly addNameRange     '0.0.8',
51 silly addNameRange     '0.0.9',
51 silly addNameRange     '0.0.10',
51 silly addNameRange     '0.1.0',
51 silly addNameRange     '0.1.1',
51 silly addNameRange     '0.1.2',
51 silly addNameRange     '0.1.3',
51 silly addNameRange     '0.2.0',
51 silly addNameRange     '0.2.1',
51 silly addNameRange     '0.2.2',
51 silly addNameRange     '0.2.3',
51 silly addNameRange     '0.2.4',
51 silly addNameRange     '0.2.5',
51 silly addNameRange     '0.2.6',
51 silly addNameRange     '0.3.0' ] ]
52 silly addNamed speaker@0.2.6
53 verbose addNamed "0.2.6" is a plain semver version for speaker
54 silly cache afterAdd speaker@0.2.6
55 verbose afterAdd C:\Users\ccaine\AppData\Roaming\npm-cache\speaker\0.2.6\package\package.json not in flight; writing
56 verbose afterAdd C:\Users\ccaine\AppData\Roaming\npm-cache\speaker\0.2.6\package\package.json written
57 silly fetchNamedPackageData bindings
58 silly mapToRegistry name bindings
59 silly mapToRegistry using default registry
60 silly mapToRegistry registry https://registry.npmjs.org/
61 silly mapToRegistry uri https://registry.npmjs.org/bindings
62 silly fetchNamedPackageData nan
63 silly mapToRegistry name nan
64 silly mapToRegistry using default registry
65 silly mapToRegistry registry https://registry.npmjs.org/
66 silly mapToRegistry uri https://registry.npmjs.org/nan
67 verbose request uri https://registry.npmjs.org/bindings
68 verbose request no auth needed
69 info attempt registry request try #1 at 5:11:24 PM
70 verbose etag W/"59234f99-46bf"
71 verbose lastModified Mon, 22 May 2017 20:52:41 GMT
72 http request GET https://registry.npmjs.org/bindings
73 verbose request uri https://registry.npmjs.org/nan
74 verbose request no auth needed
75 info attempt registry request try #1 at 5:11:24 PM
76 verbose etag W/"592dfb8f-1f9f8"
77 verbose lastModified Tue, 30 May 2017 23:09:03 GMT
78 http request GET https://registry.npmjs.org/nan
79 http 304 https://registry.npmjs.org/bindings
80 verbose headers { date: 'Wed, 28 Jun 2017 16:11:26 GMT',
80 verbose headers   via: '1.1 varnish',
80 verbose headers   'cache-control': 'max-age=300',
80 verbose headers   etag: 'W/"59234f99-46bf"',
80 verbose headers   age: '154',
80 verbose headers   connection: 'keep-alive',
80 verbose headers   'x-served-by': 'cache-lcy1128-LCY',
80 verbose headers   'x-cache': 'HIT',
80 verbose headers   'x-cache-hits': '2',
80 verbose headers   'x-timer': 'S1498666286.491541,VS0,VE0',
80 verbose headers   vary: 'Accept-Encoding' }
81 silly get cb [ 304,
81 silly get   { date: 'Wed, 28 Jun 2017 16:11:26 GMT',
81 silly get     via: '1.1 varnish',
81 silly get     'cache-control': 'max-age=300',
81 silly get     etag: 'W/"59234f99-46bf"',
81 silly get     age: '154',
81 silly get     connection: 'keep-alive',
81 silly get     'x-served-by': 'cache-lcy1128-LCY',
81 silly get     'x-cache': 'HIT',
81 silly get     'x-cache-hits': '2',
81 silly get     'x-timer': 'S1498666286.491541,VS0,VE0',
81 silly get     vary: 'Accept-Encoding' } ]
82 verbose etag https://registry.npmjs.org/bindings from cache
83 verbose get saving bindings to C:\Users\ccaine\AppData\Roaming\npm-cache\registry.npmjs.org\bindings\.cache.json
84 silly resolveWithNewModule bindings@1.2.1 checking installable status
85 silly cache add args [ 'bindings@~1.2.1', null ]
86 verbose cache add spec bindings@~1.2.1
87 silly cache add parsed spec Result {
87 silly cache add   raw: 'bindings@~1.2.1',
87 silly cache add   scope: null,
87 silly cache add   name: 'bindings',
87 silly cache add   rawSpec: '~1.2.1',
87 silly cache add   spec: '>=1.2.1 <1.3.0',
87 silly cache add   type: 'range' }
88 silly addNamed bindings@>=1.2.1 <1.3.0
89 verbose addNamed ">=1.2.1 <1.3.0" is a valid semver range for bindings
90 silly addNameRange { name: 'bindings', range: '>=1.2.1 <1.3.0', hasData: false }
91 silly mapToRegistry name bindings
92 silly mapToRegistry using default registry
93 silly mapToRegistry registry https://registry.npmjs.org/
94 silly mapToRegistry uri https://registry.npmjs.org/bindings
95 verbose addNameRange registry:https://registry.npmjs.org/bindings not in flight; fetching
96 verbose get https://registry.npmjs.org/bindings not expired, no request
97 silly addNameRange number 2 { name: 'bindings', range: '>=1.2.1 <1.3.0', hasData: true }
98 silly addNameRange versions [ 'bindings',
98 silly addNameRange   [ '0.0.1',
98 silly addNameRange     '0.1.0',
98 silly addNameRange     '0.1.1',
98 silly addNameRange     '0.2.0',
98 silly addNameRange     '0.2.1',
98 silly addNameRange     '0.2.2',
98 silly addNameRange     '0.2.3',
98 silly addNameRange     '0.2.4',
98 silly addNameRange     '0.3.0',
98 silly addNameRange     '0.4.0',
98 silly addNameRange     '1.0.0',
98 silly addNameRange     '1.1.0',
98 silly addNameRange     '1.1.1',
98 silly addNameRange     '1.2.0',
98 silly addNameRange     '1.2.1' ] ]
99 silly addNamed bindings@1.2.1
100 verbose addNamed "1.2.1" is a plain semver version for bindings
101 http 304 https://registry.npmjs.org/nan
102 verbose headers { date: 'Wed, 28 Jun 2017 16:11:26 GMT',
102 verbose headers   via: '1.1 varnish',
102 verbose headers   'cache-control': 'max-age=300',
102 verbose headers   etag: 'W/"592dfb8f-1f9f8"',
102 verbose headers   age: '219',
102 verbose headers   connection: 'keep-alive',
102 verbose headers   'x-served-by': 'cache-lcy1138-LCY',
102 verbose headers   'x-cache': 'HIT',
102 verbose headers   'x-cache-hits': '964',
102 verbose headers   'x-timer': 'S1498666287.510672,VS0,VE0',
102 verbose headers   vary: 'Accept-Encoding' }
103 silly get cb [ 304,
103 silly get   { date: 'Wed, 28 Jun 2017 16:11:26 GMT',
103 silly get     via: '1.1 varnish',
103 silly get     'cache-control': 'max-age=300',
103 silly get     etag: 'W/"592dfb8f-1f9f8"',
103 silly get     age: '219',
103 silly get     connection: 'keep-alive',
103 silly get     'x-served-by': 'cache-lcy1138-LCY',
103 silly get     'x-cache': 'HIT',
103 silly get     'x-cache-hits': '964',
103 silly get     'x-timer': 'S1498666287.510672,VS0,VE0',
103 silly get     vary: 'Accept-Encoding' } ]
104 verbose etag https://registry.npmjs.org/nan from cache
105 verbose get saving nan to C:\Users\ccaine\AppData\Roaming\npm-cache\registry.npmjs.org\nan\.cache.json
106 silly cache afterAdd bindings@1.2.1
107 verbose afterAdd C:\Users\ccaine\AppData\Roaming\npm-cache\bindings\1.2.1\package\package.json not in flight; writing
108 silly resolveWithNewModule nan@2.6.2 checking installable status
109 silly cache add args [ 'nan@2', null ]
110 verbose cache add spec nan@2
111 silly cache add parsed spec Result {
111 silly cache add   raw: 'nan@2',
111 silly cache add   scope: null,
111 silly cache add   name: 'nan',
111 silly cache add   rawSpec: '2',
111 silly cache add   spec: '>=2.0.0 <3.0.0',
111 silly cache add   type: 'range' }
112 silly addNamed nan@>=2.0.0 <3.0.0
113 verbose addNamed ">=2.0.0 <3.0.0" is a valid semver range for nan
114 silly addNameRange { name: 'nan', range: '>=2.0.0 <3.0.0', hasData: false }
115 silly mapToRegistry name nan
116 silly mapToRegistry using default registry
117 silly mapToRegistry registry https://registry.npmjs.org/
118 silly mapToRegistry uri https://registry.npmjs.org/nan
119 verbose addNameRange registry:https://registry.npmjs.org/nan not in flight; fetching
120 verbose get https://registry.npmjs.org/nan not expired, no request
121 silly addNameRange number 2 { name: 'nan', range: '>=2.0.0 <3.0.0', hasData: true }
122 silly addNameRange versions [ 'nan',
122 silly addNameRange   [ '0.3.0-wip',
122 silly addNameRange     '0.3.0-wip2',
122 silly addNameRange     '0.3.0',
122 silly addNameRange     '0.3.1',
122 silly addNameRange     '0.3.2',
122 silly addNameRange     '0.4.0',
122 silly addNameRange     '0.4.1',
122 silly addNameRange     '0.4.2',
122 silly addNameRange     '0.4.3',
122 silly addNameRange     '0.4.4',
122 silly addNameRange     '0.5.0',
122 silly addNameRange     '0.5.1',
122 silly addNameRange     '0.5.2',
122 silly addNameRange     '0.6.0',
122 silly addNameRange     '0.7.0',
122 silly addNameRange     '0.7.1',
122 silly addNameRange     '0.8.0',
122 silly addNameRange     '1.0.0',
122 silly addNameRange     '1.1.0',
122 silly addNameRange     '1.1.1',
122 silly addNameRange     '1.1.2',
122 silly addNameRange     '1.2.0',
122 silly addNameRange     '1.3.0',
122 silly addNameRange     '1.4.0',
122 silly addNameRange     '1.4.1',
122 silly addNameRange     '1.5.0',
122 silly addNameRange     '1.4.2',
122 silly addNameRange     '1.4.3',
122 silly addNameRange     '1.5.1',
122 silly addNameRange     '1.5.2',
122 silly addNameRange     '1.6.0',
122 silly addNameRange     '1.5.3',
122 silly addNameRange     '1.6.1',
122 silly addNameRange     '1.6.2',
122 silly addNameRange     '1.7.0',
122 silly addNameRange     '1.8.0',
122 silly addNameRange     '1.8.1',
122 silly addNameRange     '1.8.2',
122 silly addNameRange     '1.8.3',
122 silly addNameRange     '1.8.4',
122 silly addNameRange     '1.9.0',
122 silly addNameRange     '2.0.0',
122 silly addNameRange     '2.0.1',
122 silly addNameRange     '2.0.2',
122 silly addNameRange     '2.0.3',
122 silly addNameRange     '2.0.4',
122 silly addNameRange     '2.0.5',
122 silly addNameRange     '2.0.6',
122 silly addNameRange     '2.0.7',
122 silly addNameRange     '2.0.8',
122 silly addNameRange     '2.0.9',
122 silly addNameRange     '2.1.0',
122 silly addNameRange     '2.2.0',
122 silly addNameRange     '2.2.1',
122 silly addNameRange     '2.3.0',
122 silly addNameRange     '2.3.1',
122 silly addNameRange     '2.3.2',
122 silly addNameRange     '2.3.3',
122 silly addNameRange     '2.3.4',
122 silly addNameRange     '2.3.5',
122 silly addNameRange     '2.4.0',
122 silly addNameRange     '2.5.0',
122 silly addNameRange     '2.5.1',
122 silly addNameRange     '2.6.0',
122 silly addNameRange     '2.6.1',
122 silly addNameRange     '2.6.2' ] ]
123 silly addNamed nan@2.6.2
124 verbose addNamed "2.6.2" is a plain semver version for nan
125 verbose afterAdd C:\Users\ccaine\AppData\Roaming\npm-cache\bindings\1.2.1\package\package.json written
126 silly cache afterAdd nan@2.6.2
127 verbose afterAdd C:\Users\ccaine\AppData\Roaming\npm-cache\nan\2.6.2\package\package.json not in flight; writing
128 verbose afterAdd C:\Users\ccaine\AppData\Roaming\npm-cache\nan\2.6.2\package\package.json written
129 silly loadAllDepsIntoIdealTree Finishing
130 silly idealTree:prePrune audio-player@1.0.0
130 silly idealTree:prePrune ├── accepts@1.2.13
130 silly idealTree:prePrune ├── after@0.8.1
130 silly idealTree:prePrune ├── array-flatten@1.1.1
130 silly idealTree:prePrune ├── arraybuffer.slice@0.0.6
130 silly idealTree:prePrune ├── asap@2.0.3
130 silly idealTree:prePrune ├── async@1.5.2
130 silly idealTree:prePrune ├── backo2@1.0.2
130 silly idealTree:prePrune ├── balanced-match@1.0.0
130 silly idealTree:prePrune ├── base64-arraybuffer@0.1.2
130 silly idealTree:prePrune ├── base64id@0.1.0
130 silly idealTree:prePrune ├── benchmark@1.0.0
130 silly idealTree:prePrune ├── better-assert@1.0.2
130 silly idealTree:prePrune ├── bindings@1.2.1
130 silly idealTree:prePrune ├── blob@0.0.4
130 silly idealTree:prePrune ├── brace-expansion@1.1.8
130 silly idealTree:prePrune ├── callsite@1.0.0
130 silly idealTree:prePrune ├── component-bind@1.0.0
130 silly idealTree:prePrune ├── component-emitter@1.1.2
130 silly idealTree:prePrune ├── component-inherit@0.0.3
130 silly idealTree:prePrune ├── concat-map@0.0.1
130 silly idealTree:prePrune ├── content-disposition@0.5.1
130 silly idealTree:prePrune ├── content-type@1.0.1
130 silly idealTree:prePrune ├── cookie-signature@1.0.6
130 silly idealTree:prePrune ├── cookie@0.1.5
130 silly idealTree:prePrune ├── core-util-is@1.0.2
130 silly idealTree:prePrune ├── data-collection@1.1.6
130 silly idealTree:prePrune ├── debug@2.6.7
130 silly idealTree:prePrune ├── deep-equal@0.2.1
130 silly idealTree:prePrune ├── depd@1.1.0
130 silly idealTree:prePrune ├── destroy@1.0.4
130 silly idealTree:prePrune ├── ee-first@1.1.1
130 silly idealTree:prePrune ├── encodeurl@1.0.1
130 silly idealTree:prePrune ├─┬ engine.io-client@1.6.8
130 silly idealTree:prePrune │ ├── debug@2.2.0
130 silly idealTree:prePrune │ └── ms@0.7.1
130 silly idealTree:prePrune ├─┬ engine.io-parser@1.2.4
130 silly idealTree:prePrune │ └── has-binary@0.1.6
130 silly idealTree:prePrune ├─┬ engine.io@1.6.8
130 silly idealTree:prePrune │ ├── accepts@1.1.4
130 silly idealTree:prePrune │ ├── debug@2.2.0
130 silly idealTree:prePrune │ ├── mime-db@1.12.0
130 silly idealTree:prePrune │ ├── mime-types@2.0.14
130 silly idealTree:prePrune │ ├── ms@0.7.1
130 silly idealTree:prePrune │ └── negotiator@0.4.9
130 silly idealTree:prePrune ├── escape-html@1.0.3
130 silly idealTree:prePrune ├── etag@1.8.0
130 silly idealTree:prePrune ├─┬ express@4.13.4
130 silly idealTree:prePrune │ ├── debug@2.2.0
130 silly idealTree:prePrune │ ├── etag@1.7.0
130 silly idealTree:prePrune │ ├── fresh@0.3.0
130 silly idealTree:prePrune │ ├── http-errors@1.3.1
130 silly idealTree:prePrune │ ├── ms@0.7.1
130 silly idealTree:prePrune │ ├── range-parser@1.0.3
130 silly idealTree:prePrune │ ├── send@0.13.1
130 silly idealTree:prePrune │ ├─┬ serve-static@1.10.3
130 silly idealTree:prePrune │ │ └── send@0.13.2
130 silly idealTree:prePrune │ └── statuses@1.2.1
130 silly idealTree:prePrune ├─┬ filereader-stream@0.2.0
130 silly idealTree:prePrune │ └── inherits@1.0.0
130 silly idealTree:prePrune ├─┬ finalhandler@0.4.1
130 silly idealTree:prePrune │ ├── debug@2.2.0
130 silly idealTree:prePrune │ └── ms@0.7.1
130 silly idealTree:prePrune ├── fluent-ffmpeg@2.0.1
130 silly idealTree:prePrune ├── forwarded@0.1.0
130 silly idealTree:prePrune ├── fresh@0.5.0
130 silly idealTree:prePrune ├── fs-sync@1.0.4
130 silly idealTree:prePrune ├── fs.realpath@1.0.0
130 silly idealTree:prePrune ├── glob@7.1.2
130 silly idealTree:prePrune ├── has-binary@0.1.7
130 silly idealTree:prePrune ├── has-cors@1.1.0
130 silly idealTree:prePrune ├── http-errors@1.6.1
130 silly idealTree:prePrune ├── iconv-lite@0.4.18
130 silly idealTree:prePrune ├── indexof@0.0.1
130 silly idealTree:prePrune ├── inflight@1.0.6
130 silly idealTree:prePrune ├── inherits@2.0.3
130 silly idealTree:prePrune ├── ipaddr.js@1.0.5
130 silly idealTree:prePrune ├── is-stream@1.1.0
130 silly idealTree:prePrune ├── isarray@0.0.1
130 silly idealTree:prePrune ├── json3@3.2.6
130 silly idealTree:prePrune ├── lodash@4.17.4
130 silly idealTree:prePrune ├── media-typer@0.3.0
130 silly idealTree:prePrune ├── merge-descriptors@1.0.1
130 silly idealTree:prePrune ├── methods@1.1.2
130 silly idealTree:prePrune ├── mime-db@1.22.0
130 silly idealTree:prePrune ├── mime-types@2.1.10
130 silly idealTree:prePrune ├── mime@1.3.4
130 silly idealTree:prePrune ├── minimatch@3.0.4
130 silly idealTree:prePrune ├── minimist@0.0.8
130 silly idealTree:prePrune ├── mkdirp@0.5.1
130 silly idealTree:prePrune ├── ms@2.0.0
130 silly idealTree:prePrune ├── musicmetadata@2.0.5
130 silly idealTree:prePrune ├── nan@2.6.2
130 silly idealTree:prePrune ├── negotiator@0.5.3
130 silly idealTree:prePrune ├── object-component@0.0.3
130 silly idealTree:prePrune ├── on-finished@2.3.0
130 silly idealTree:prePrune ├── once@1.4.0
130 silly idealTree:prePrune ├── options@0.0.6
130 silly idealTree:prePrune ├── parsejson@0.0.1
130 silly idealTree:prePrune ├── parseqs@0.0.2
130 silly idealTree:prePrune ├── parseuri@0.0.4
130 silly idealTree:prePrune ├── parseurl@1.3.1
130 silly idealTree:prePrune ├── path-is-absolute@1.0.1
130 silly idealTree:prePrune ├── path-to-regexp@0.1.7
130 silly idealTree:prePrune ├── promise@7.1.1
130 silly idealTree:prePrune ├── proxy-addr@1.0.10
130 silly idealTree:prePrune ├── q@1.4.1
130 silly idealTree:prePrune ├── qs@4.0.0
130 silly idealTree:prePrune ├── range-parser@1.2.0
130 silly idealTree:prePrune ├── readable-stream@1.0.34
130 silly idealTree:prePrune ├── rimraf@2.6.1
130 silly idealTree:prePrune ├── rx-node@1.0.2
130 silly idealTree:prePrune ├── rx@4.1.0
130 silly idealTree:prePrune ├── rxjs@5.0.0-beta.6
130 silly idealTree:prePrune ├── send@0.15.3
130 silly idealTree:prePrune ├── serve-static@1.12.3
130 silly idealTree:prePrune ├── setprototypeof@1.0.3
130 silly idealTree:prePrune ├─┬ socket.io-adapter@0.4.0
130 silly idealTree:prePrune │ ├── debug@2.2.0
130 silly idealTree:prePrune │ ├── ms@0.7.1
130 silly idealTree:prePrune │ └─┬ socket.io-parser@2.2.2
130 silly idealTree:prePrune │   └── debug@0.7.4
130 silly idealTree:prePrune ├─┬ socket.io-client@1.4.5
130 silly idealTree:prePrune │ ├── component-emitter@1.2.0
130 silly idealTree:prePrune │ ├── debug@2.2.0
130 silly idealTree:prePrune │ └── ms@0.7.1
130 silly idealTree:prePrune ├─┬ socket.io-parser@2.2.6
130 silly idealTree:prePrune │ ├── debug@2.2.0
130 silly idealTree:prePrune │ ├── json3@3.3.2
130 silly idealTree:prePrune │ └── ms@0.7.1
130 silly idealTree:prePrune ├─┬ socket.io@1.4.5
130 silly idealTree:prePrune │ ├── debug@2.2.0
130 silly idealTree:prePrune │ └── ms@0.7.1
130 silly idealTree:prePrune ├── speaker@0.2.6
130 silly idealTree:prePrune ├── statuses@1.3.1
130 silly idealTree:prePrune ├── stream-parser@0.3.1
130 silly idealTree:prePrune ├── string_decoder@0.10.31
130 silly idealTree:prePrune ├── strtok2@1.0.4
130 silly idealTree:prePrune ├── through@2.3.8
130 silly idealTree:prePrune ├── to-array@0.1.4
130 silly idealTree:prePrune ├── type-is@1.6.12
130 silly idealTree:prePrune ├── ultron@1.0.2
130 silly idealTree:prePrune ├── unpipe@1.0.0
130 silly idealTree:prePrune ├── utf8@2.1.0
130 silly idealTree:prePrune ├── utils-merge@1.0.0
130 silly idealTree:prePrune ├── vary@1.0.1
130 silly idealTree:prePrune ├─┬ wav@1.0.0
130 silly idealTree:prePrune │ ├── debug@1.0.4
130 silly idealTree:prePrune │ └── ms@0.6.2
130 silly idealTree:prePrune ├── wrappy@1.0.2
130 silly idealTree:prePrune ├── ws@1.0.1
130 silly idealTree:prePrune ├── xmlhttprequest-ssl@1.5.1
130 silly idealTree:prePrune └── yeast@0.1.2
131 silly loadIdealTree Finishing
132 silly currentTree audio-player@1.0.0
132 silly currentTree ├── accepts@1.2.13
132 silly currentTree ├── after@0.8.1
132 silly currentTree ├── array-flatten@1.1.1
132 silly currentTree ├── arraybuffer.slice@0.0.6
132 silly currentTree ├── asap@2.0.3
132 silly currentTree ├── async@1.5.2
132 silly currentTree ├── backo2@1.0.2
132 silly currentTree ├── balanced-match@1.0.0
132 silly currentTree ├── base64-arraybuffer@0.1.2
132 silly currentTree ├── base64id@0.1.0
132 silly currentTree ├── benchmark@1.0.0
132 silly currentTree ├── better-assert@1.0.2
132 silly currentTree ├── blob@0.0.4
132 silly currentTree ├── brace-expansion@1.1.8
132 silly currentTree ├── callsite@1.0.0
132 silly currentTree ├── component-bind@1.0.0
132 silly currentTree ├── component-emitter@1.1.2
132 silly currentTree ├── component-inherit@0.0.3
132 silly currentTree ├── concat-map@0.0.1
132 silly currentTree ├── content-disposition@0.5.1
132 silly currentTree ├── content-type@1.0.1
132 silly currentTree ├── cookie-signature@1.0.6
132 silly currentTree ├── cookie@0.1.5
132 silly currentTree ├── core-util-is@1.0.2
132 silly currentTree ├── data-collection@1.1.6
132 silly currentTree ├── debug@2.6.7
132 silly currentTree ├── deep-equal@0.2.1
132 silly currentTree ├── depd@1.1.0
132 silly currentTree ├── destroy@1.0.4
132 silly currentTree ├── ee-first@1.1.1
132 silly currentTree ├── encodeurl@1.0.1
132 silly currentTree ├─┬ engine.io-client@1.6.8
132 silly currentTree │ ├── debug@2.2.0
132 silly currentTree │ └── ms@0.7.1
132 silly currentTree ├─┬ engine.io-parser@1.2.4
132 silly currentTree │ └── has-binary@0.1.6
132 silly currentTree ├─┬ engine.io@1.6.8
132 silly currentTree │ ├── accepts@1.1.4
132 silly currentTree │ ├── debug@2.2.0
132 silly currentTree │ ├── mime-db@1.12.0
132 silly currentTree │ ├── mime-types@2.0.14
132 silly currentTree │ ├── ms@0.7.1
132 silly currentTree │ └── negotiator@0.4.9
132 silly currentTree ├── escape-html@1.0.3
132 silly currentTree ├── etag@1.8.0
132 silly currentTree ├─┬ express@4.13.4
132 silly currentTree │ ├── debug@2.2.0
132 silly currentTree │ ├── etag@1.7.0
132 silly currentTree │ ├── fresh@0.3.0
132 silly currentTree │ ├── http-errors@1.3.1
132 silly currentTree │ ├── ms@0.7.1
132 silly currentTree │ ├── range-parser@1.0.3
132 silly currentTree │ ├── send@0.13.1
132 silly currentTree │ ├─┬ serve-static@1.10.3
132 silly currentTree │ │ └── send@0.13.2
132 silly currentTree │ └── statuses@1.2.1
132 silly currentTree ├─┬ filereader-stream@0.2.0
132 silly currentTree │ └── inherits@1.0.0
132 silly currentTree ├─┬ finalhandler@0.4.1
132 silly currentTree │ ├── debug@2.2.0
132 silly currentTree │ └── ms@0.7.1
132 silly currentTree ├── fluent-ffmpeg@2.0.1
132 silly currentTree ├── forwarded@0.1.0
132 silly currentTree ├── fresh@0.5.0
132 silly currentTree ├── fs-sync@1.0.4
132 silly currentTree ├── fs.realpath@1.0.0
132 silly currentTree ├── glob@7.1.2
132 silly currentTree ├── has-binary@0.1.7
132 silly currentTree ├── has-cors@1.1.0
132 silly currentTree ├── http-errors@1.6.1
132 silly currentTree ├── iconv-lite@0.4.18
132 silly currentTree ├── indexof@0.0.1
132 silly currentTree ├── inflight@1.0.6
132 silly currentTree ├── inherits@2.0.3
132 silly currentTree ├── ipaddr.js@1.0.5
132 silly currentTree ├── is-stream@1.1.0
132 silly currentTree ├── isarray@0.0.1
132 silly currentTree ├── json3@3.2.6
132 silly currentTree ├── lodash@4.17.4
132 silly currentTree ├── media-typer@0.3.0
132 silly currentTree ├── merge-descriptors@1.0.1
132 silly currentTree ├── methods@1.1.2
132 silly currentTree ├── mime-db@1.22.0
132 silly currentTree ├── mime-types@2.1.10
132 silly currentTree ├── mime@1.3.4
132 silly currentTree ├── minimatch@3.0.4
132 silly currentTree ├── minimist@0.0.8
132 silly currentTree ├── mkdirp@0.5.1
132 silly currentTree ├── ms@2.0.0
132 silly currentTree ├── musicmetadata@2.0.5
132 silly currentTree ├── negotiator@0.5.3
132 silly currentTree ├── object-component@0.0.3
132 silly currentTree ├── on-finished@2.3.0
132 silly currentTree ├── once@1.4.0
132 silly currentTree ├── options@0.0.6
132 silly currentTree ├── parsejson@0.0.1
132 silly currentTree ├── parseqs@0.0.2
132 silly currentTree ├── parseuri@0.0.4
132 silly currentTree ├── parseurl@1.3.1
132 silly currentTree ├── path-is-absolute@1.0.1
132 silly currentTree ├── path-to-regexp@0.1.7
132 silly currentTree ├── promise@7.1.1
132 silly currentTree ├── proxy-addr@1.0.10
132 silly currentTree ├── q@1.4.1
132 silly currentTree ├── qs@4.0.0
132 silly currentTree ├── range-parser@1.2.0
132 silly currentTree ├── readable-stream@1.0.34
132 silly currentTree ├── rimraf@2.6.1
132 silly currentTree ├── rx-node@1.0.2
132 silly currentTree ├── rx@4.1.0
132 silly currentTree ├── rxjs@5.0.0-beta.6
132 silly currentTree ├── send@0.15.3
132 silly currentTree ├── serve-static@1.12.3
132 silly currentTree ├── setprototypeof@1.0.3
132 silly currentTree ├─┬ socket.io-adapter@0.4.0
132 silly currentTree │ ├── debug@2.2.0
132 silly currentTree │ ├── ms@0.7.1
132 silly currentTree │ └─┬ socket.io-parser@2.2.2
132 silly currentTree │   └── debug@0.7.4
132 silly currentTree ├─┬ socket.io-client@1.4.5
132 silly currentTree │ ├── component-emitter@1.2.0
132 silly currentTree │ ├── debug@2.2.0
132 silly currentTree │ └── ms@0.7.1
132 silly currentTree ├─┬ socket.io-parser@2.2.6
132 silly currentTree │ ├── debug@2.2.0
132 silly currentTree │ ├── json3@3.3.2
132 silly currentTree │ └── ms@0.7.1
132 silly currentTree ├─┬ socket.io@1.4.5
132 silly currentTree │ ├── debug@2.2.0
132 silly currentTree │ └── ms@0.7.1
132 silly currentTree ├── statuses@1.3.1
132 silly currentTree ├── stream-parser@0.3.1
132 silly currentTree ├── string_decoder@0.10.31
132 silly currentTree ├── strtok2@1.0.4
132 silly currentTree ├── through@2.3.8
132 silly currentTree ├── to-array@0.1.4
132 silly currentTree ├── type-is@1.6.12
132 silly currentTree ├── ultron@1.0.2
132 silly currentTree ├── unpipe@1.0.0
132 silly currentTree ├── utf8@2.1.0
132 silly currentTree ├── utils-merge@1.0.0
132 silly currentTree ├── vary@1.0.1
132 silly currentTree ├─┬ wav@1.0.0
132 silly currentTree │ ├── debug@1.0.4
132 silly currentTree │ └── ms@0.6.2
132 silly currentTree ├── wrappy@1.0.2
132 silly currentTree ├── ws@1.0.1
132 silly currentTree ├── xmlhttprequest-ssl@1.5.1
132 silly currentTree └── yeast@0.1.2
133 silly idealTree audio-player@1.0.0
133 silly idealTree ├── accepts@1.2.13
133 silly idealTree ├── after@0.8.1
133 silly idealTree ├── array-flatten@1.1.1
133 silly idealTree ├── arraybuffer.slice@0.0.6
133 silly idealTree ├── asap@2.0.3
133 silly idealTree ├── async@1.5.2
133 silly idealTree ├── backo2@1.0.2
133 silly idealTree ├── balanced-match@1.0.0
133 silly idealTree ├── base64-arraybuffer@0.1.2
133 silly idealTree ├── base64id@0.1.0
133 silly idealTree ├── benchmark@1.0.0
133 silly idealTree ├── better-assert@1.0.2
133 silly idealTree ├── bindings@1.2.1
133 silly idealTree ├── blob@0.0.4
133 silly idealTree ├── brace-expansion@1.1.8
133 silly idealTree ├── callsite@1.0.0
133 silly idealTree ├── component-bind@1.0.0
133 silly idealTree ├── component-emitter@1.1.2
133 silly idealTree ├── component-inherit@0.0.3
133 silly idealTree ├── concat-map@0.0.1
133 silly idealTree ├── content-disposition@0.5.1
133 silly idealTree ├── content-type@1.0.1
133 silly idealTree ├── cookie-signature@1.0.6
133 silly idealTree ├── cookie@0.1.5
133 silly idealTree ├── core-util-is@1.0.2
133 silly idealTree ├── data-collection@1.1.6
133 silly idealTree ├── debug@2.6.7
133 silly idealTree ├── deep-equal@0.2.1
133 silly idealTree ├── depd@1.1.0
133 silly idealTree ├── destroy@1.0.4
133 silly idealTree ├── ee-first@1.1.1
133 silly idealTree ├── encodeurl@1.0.1
133 silly idealTree ├─┬ engine.io-client@1.6.8
133 silly idealTree │ ├── debug@2.2.0
133 silly idealTree │ └── ms@0.7.1
133 silly idealTree ├─┬ engine.io-parser@1.2.4
133 silly idealTree │ └── has-binary@0.1.6
133 silly idealTree ├─┬ engine.io@1.6.8
133 silly idealTree │ ├── accepts@1.1.4
133 silly idealTree │ ├── debug@2.2.0
133 silly idealTree │ ├── mime-db@1.12.0
133 silly idealTree │ ├── mime-types@2.0.14
133 silly idealTree │ ├── ms@0.7.1
133 silly idealTree │ └── negotiator@0.4.9
133 silly idealTree ├── escape-html@1.0.3
133 silly idealTree ├── etag@1.8.0
133 silly idealTree ├─┬ express@4.13.4
133 silly idealTree │ ├── debug@2.2.0
133 silly idealTree │ ├── etag@1.7.0
133 silly idealTree │ ├── fresh@0.3.0
133 silly idealTree │ ├── http-errors@1.3.1
133 silly idealTree │ ├── ms@0.7.1
133 silly idealTree │ ├── range-parser@1.0.3
133 silly idealTree │ ├── send@0.13.1
133 silly idealTree │ ├─┬ serve-static@1.10.3
133 silly idealTree │ │ └── send@0.13.2
133 silly idealTree │ └── statuses@1.2.1
133 silly idealTree ├─┬ filereader-stream@0.2.0
133 silly idealTree │ └── inherits@1.0.0
133 silly idealTree ├─┬ finalhandler@0.4.1
133 silly idealTree │ ├── debug@2.2.0
133 silly idealTree │ └── ms@0.7.1
133 silly idealTree ├── fluent-ffmpeg@2.0.1
133 silly idealTree ├── forwarded@0.1.0
133 silly idealTree ├── fresh@0.5.0
133 silly idealTree ├── fs-sync@1.0.4
133 silly idealTree ├── fs.realpath@1.0.0
133 silly idealTree ├── glob@7.1.2
133 silly idealTree ├── has-binary@0.1.7
133 silly idealTree ├── has-cors@1.1.0
133 silly idealTree ├── http-errors@1.6.1
133 silly idealTree ├── iconv-lite@0.4.18
133 silly idealTree ├── indexof@0.0.1
133 silly idealTree ├── inflight@1.0.6
133 silly idealTree ├── inherits@2.0.3
133 silly idealTree ├── ipaddr.js@1.0.5
133 silly idealTree ├── is-stream@1.1.0
133 silly idealTree ├── isarray@0.0.1
133 silly idealTree ├── json3@3.2.6
133 silly idealTree ├── lodash@4.17.4
133 silly idealTree ├── media-typer@0.3.0
133 silly idealTree ├── merge-descriptors@1.0.1
133 silly idealTree ├── methods@1.1.2
133 silly idealTree ├── mime-db@1.22.0
133 silly idealTree ├── mime-types@2.1.10
133 silly idealTree ├── mime@1.3.4
133 silly idealTree ├── minimatch@3.0.4
133 silly idealTree ├── minimist@0.0.8
133 silly idealTree ├── mkdirp@0.5.1
133 silly idealTree ├── ms@2.0.0
133 silly idealTree ├── musicmetadata@2.0.5
133 silly idealTree ├── nan@2.6.2
133 silly idealTree ├── negotiator@0.5.3
133 silly idealTree ├── object-component@0.0.3
133 silly idealTree ├── on-finished@2.3.0
133 silly idealTree ├── once@1.4.0
133 silly idealTree ├── options@0.0.6
133 silly idealTree ├── parsejson@0.0.1
133 silly idealTree ├── parseqs@0.0.2
133 silly idealTree ├── parseuri@0.0.4
133 silly idealTree ├── parseurl@1.3.1
133 silly idealTree ├── path-is-absolute@1.0.1
133 silly idealTree ├── path-to-regexp@0.1.7
133 silly idealTree ├── promise@7.1.1
133 silly idealTree ├── proxy-addr@1.0.10
133 silly idealTree ├── q@1.4.1
133 silly idealTree ├── qs@4.0.0
133 silly idealTree ├── range-parser@1.2.0
133 silly idealTree ├── readable-stream@1.0.34
133 silly idealTree ├── rimraf@2.6.1
133 silly idealTree ├── rx-node@1.0.2
133 silly idealTree ├── rx@4.1.0
133 silly idealTree ├── rxjs@5.0.0-beta.6
133 silly idealTree ├── send@0.15.3
133 silly idealTree ├── serve-static@1.12.3
133 silly idealTree ├── setprototypeof@1.0.3
133 silly idealTree ├─┬ socket.io-adapter@0.4.0
133 silly idealTree │ ├── debug@2.2.0
133 silly idealTree │ ├── ms@0.7.1
133 silly idealTree │ └─┬ socket.io-parser@2.2.2
133 silly idealTree │   └── debug@0.7.4
133 silly idealTree ├─┬ socket.io-client@1.4.5
133 silly idealTree │ ├── component-emitter@1.2.0
133 silly idealTree │ ├── debug@2.2.0
133 silly idealTree │ └── ms@0.7.1
133 silly idealTree ├─┬ socket.io-parser@2.2.6
133 silly idealTree │ ├── debug@2.2.0
133 silly idealTree │ ├── json3@3.3.2
133 silly idealTree │ └── ms@0.7.1
133 silly idealTree ├─┬ socket.io@1.4.5
133 silly idealTree │ ├── debug@2.2.0
133 silly idealTree │ └── ms@0.7.1
133 silly idealTree ├── speaker@0.2.6
133 silly idealTree ├── statuses@1.3.1
133 silly idealTree ├── stream-parser@0.3.1
133 silly idealTree ├── string_decoder@0.10.31
133 silly idealTree ├── strtok2@1.0.4
133 silly idealTree ├── through@2.3.8
133 silly idealTree ├── to-array@0.1.4
133 silly idealTree ├── type-is@1.6.12
133 silly idealTree ├── ultron@1.0.2
133 silly idealTree ├── unpipe@1.0.0
133 silly idealTree ├── utf8@2.1.0
133 silly idealTree ├── utils-merge@1.0.0
133 silly idealTree ├── vary@1.0.1
133 silly idealTree ├─┬ wav@1.0.0
133 silly idealTree │ ├── debug@1.0.4
133 silly idealTree │ └── ms@0.6.2
133 silly idealTree ├── wrappy@1.0.2
133 silly idealTree ├── ws@1.0.1
133 silly idealTree ├── xmlhttprequest-ssl@1.5.1
133 silly idealTree └── yeast@0.1.2
134 silly generateActionsToTake Starting
135 silly install generateActionsToTake
136 silly generateActionsToTake Finishing
137 silly diffTrees action count 3
138 silly diffTrees add bindings@1.2.1
139 silly diffTrees add nan@2.6.2
140 silly diffTrees add speaker@0.2.6
141 silly decomposeActions action count 24
142 silly decomposeActions fetch bindings@1.2.1
143 silly decomposeActions extract bindings@1.2.1
144 silly decomposeActions preinstall bindings@1.2.1
145 silly decomposeActions build bindings@1.2.1
146 silly decomposeActions install bindings@1.2.1
147 silly decomposeActions postinstall bindings@1.2.1
148 silly decomposeActions test bindings@1.2.1
149 silly decomposeActions finalize bindings@1.2.1
150 silly decomposeActions fetch nan@2.6.2
151 silly decomposeActions extract nan@2.6.2
152 silly decomposeActions preinstall nan@2.6.2
153 silly decomposeActions build nan@2.6.2
154 silly decomposeActions install nan@2.6.2
155 silly decomposeActions postinstall nan@2.6.2
156 silly decomposeActions test nan@2.6.2
157 silly decomposeActions finalize nan@2.6.2
158 silly decomposeActions fetch speaker@0.2.6
159 silly decomposeActions extract speaker@0.2.6
160 silly decomposeActions preinstall speaker@0.2.6
161 silly decomposeActions build speaker@0.2.6
162 silly decomposeActions install speaker@0.2.6
163 silly decomposeActions postinstall speaker@0.2.6
164 silly decomposeActions test speaker@0.2.6
165 silly decomposeActions finalize speaker@0.2.6
166 silly executeActions Starting
167 silly install executeActions
168 silly doSerial global-install 0
169 silly doParallel fetch 3
170 verbose lock using C:\Users\ccaine\AppData\Roaming\npm-cache\_locks\staging-ca0fbaf2aa6cccd5.lock for C:\Users\ccaine\Github\audio-player\node_modules\.staging
171 silly doParallel extract 3
172 silly extract bindings@1.2.1
173 silly extract nan@2.6.2
174 silly extract speaker@0.2.6
175 verbose unbuild node_modules\.staging\bindings-4afb3d4a1475264aed000c93524c764f
176 verbose unbuild node_modules\.staging\nan-7384851a0fdfadbbded3b52cd30939d9
177 silly gentlyRm C:\Users\ccaine\Github\audio-player\node_modules\.staging\bindings-4afb3d4a1475264aed000c93524c764f is being purged from base C:\Users\ccaine\Github\audio-player
178 verbose gentlyRm don't care about contents; nuking C:\Users\ccaine\Github\audio-player\node_modules\.staging\bindings-4afb3d4a1475264aed000c93524c764f
179 silly gentlyRm C:\Users\ccaine\Github\audio-player\node_modules\.staging\nan-7384851a0fdfadbbded3b52cd30939d9 is being purged from base C:\Users\ccaine\Github\audio-player
180 verbose unbuild node_modules\.staging\speaker-b10996492d8d31542d8d3ad40fef8f36
181 verbose tar unpack C:\Users\ccaine\AppData\Roaming\npm-cache\bindings\1.2.1\package.tgz
182 verbose tar unpacking to C:\Users\ccaine\Github\audio-player\node_modules\.staging\bindings-4afb3d4a1475264aed000c93524c764f
183 silly gentlyRm C:\Users\ccaine\Github\audio-player\node_modules\.staging\bindings-4afb3d4a1475264aed000c93524c764f is being purged
184 verbose gentlyRm don't care about contents; nuking C:\Users\ccaine\Github\audio-player\node_modules\.staging\nan-7384851a0fdfadbbded3b52cd30939d9
185 verbose gentlyRm don't care about contents; nuking C:\Users\ccaine\Github\audio-player\node_modules\.staging\bindings-4afb3d4a1475264aed000c93524c764f
186 verbose tar unpack C:\Users\ccaine\AppData\Roaming\npm-cache\nan\2.6.2\package.tgz
187 verbose tar unpacking to C:\Users\ccaine\Github\audio-player\node_modules\.staging\nan-7384851a0fdfadbbded3b52cd30939d9
188 silly gentlyRm C:\Users\ccaine\Github\audio-player\node_modules\.staging\nan-7384851a0fdfadbbded3b52cd30939d9 is being purged
189 silly gentlyRm C:\Users\ccaine\Github\audio-player\node_modules\.staging\speaker-b10996492d8d31542d8d3ad40fef8f36 is being purged from base C:\Users\ccaine\Github\audio-player
190 silly gunzTarPerm modes [ '777', '666' ]
191 verbose gentlyRm don't care about contents; nuking C:\Users\ccaine\Github\audio-player\node_modules\.staging\nan-7384851a0fdfadbbded3b52cd30939d9
192 verbose gentlyRm don't care about contents; nuking C:\Users\ccaine\Github\audio-player\node_modules\.staging\speaker-b10996492d8d31542d8d3ad40fef8f36
193 silly gunzTarPerm modes [ '777', '666' ]
194 verbose tar unpack C:\Users\ccaine\AppData\Roaming\npm-cache\speaker\0.2.6\package.tgz
195 verbose tar unpacking to C:\Users\ccaine\Github\audio-player\node_modules\.staging\speaker-b10996492d8d31542d8d3ad40fef8f36
196 silly gentlyRm C:\Users\ccaine\Github\audio-player\node_modules\.staging\speaker-b10996492d8d31542d8d3ad40fef8f36 is being purged
197 verbose gentlyRm don't care about contents; nuking C:\Users\ccaine\Github\audio-player\node_modules\.staging\speaker-b10996492d8d31542d8d3ad40fef8f36
198 silly gunzTarPerm modes [ '777', '666' ]
199 silly gunzTarPerm extractEntry package.json
200 silly gunzTarPerm modified mode [ 'package.json', 420, 438 ]
201 silly gunzTarPerm extractEntry package.json
202 silly gunzTarPerm modified mode [ 'package.json', 436, 438 ]
203 silly gunzTarPerm extractEntry README.md
204 silly gunzTarPerm modified mode [ 'README.md', 420, 438 ]
205 silly gunzTarPerm extractEntry bindings.js
206 silly gunzTarPerm modified mode [ 'bindings.js', 420, 438 ]
207 silly gunzTarPerm extractEntry package.json
208 silly gunzTarPerm modified mode [ 'package.json', 420, 438 ]
209 silly gunzTarPerm extractEntry README.md
210 silly gunzTarPerm modified mode [ 'README.md', 436, 438 ]
211 silly gunzTarPerm extractEntry .npmignore
212 silly gunzTarPerm modified mode [ '.npmignore', 420, 438 ]
213 silly gunzTarPerm extractEntry README.md
214 silly gunzTarPerm modified mode [ 'README.md', 420, 438 ]
215 silly gunzTarPerm extractEntry include_dirs.js
216 silly gunzTarPerm modified mode [ 'include_dirs.js', 436, 438 ]
217 silly gunzTarPerm extractEntry index.js
218 silly gunzTarPerm modified mode [ 'index.js', 420, 438 ]
219 silly gunzTarPerm extractEntry appveyor.yml
220 silly gunzTarPerm modified mode [ 'appveyor.yml', 420, 438 ]
221 silly gunzTarPerm extractEntry binding.gyp
222 silly gunzTarPerm modified mode [ 'binding.gyp', 420, 438 ]
223 silly gunzTarPerm extractEntry .travis.yml
224 silly gunzTarPerm modified mode [ '.travis.yml', 420, 438 ]
225 silly gunzTarPerm extractEntry deps/mpg123/README
226 silly gunzTarPerm modified mode [ 'deps/mpg123/README', 420, 438 ]
227 silly gunzTarPerm extractEntry deps/mpg123/configure.ac
228 silly gunzTarPerm modified mode [ 'deps/mpg123/configure.ac', 420, 438 ]
229 silly gunzTarPerm extractEntry deps/mpg123/ChangeLog
230 silly gunzTarPerm modified mode [ 'deps/mpg123/ChangeLog', 420, 438 ]
231 silly gunzTarPerm extractEntry deps/mpg123/INSTALL
232 silly gunzTarPerm modified mode [ 'deps/mpg123/INSTALL', 420, 438 ]
233 silly gunzTarPerm extractEntry deps/mpg123/Makefile.am
234 silly gunzTarPerm modified mode [ 'deps/mpg123/Makefile.am', 420, 438 ]
235 silly gunzTarPerm extractEntry deps/mpg123/Makefile.in
236 silly gunzTarPerm modified mode [ 'deps/mpg123/Makefile.in', 420, 438 ]
237 silly gunzTarPerm extractEntry deps/mpg123/NEWS
238 silly gunzTarPerm modified mode [ 'deps/mpg123/NEWS', 420, 438 ]
239 silly gunzTarPerm extractEntry deps/mpg123/NEWS.libmpg123
240 silly gunzTarPerm modified mode [ 'deps/mpg123/NEWS.libmpg123', 420, 438 ]
241 silly gunzTarPerm extractEntry nan_converters_43_inl.h
242 silly gunzTarPerm modified mode [ 'nan_converters_43_inl.h', 436, 438 ]
243 silly gunzTarPerm extractEntry LICENSE.md
244 silly gunzTarPerm modified mode [ 'LICENSE.md', 436, 438 ]
245 silly gunzTarPerm extractEntry doc/new.md
246 silly gunzTarPerm modified mode [ 'doc/new.md', 436, 438 ]
247 silly gunzTarPerm extractEntry doc/asyncworker.md
248 silly gunzTarPerm modified mode [ 'doc/asyncworker.md', 436, 438 ]
249 silly gunzTarPerm extractEntry deps/mpg123/AUTHORS
250 silly gunzTarPerm modified mode [ 'deps/mpg123/AUTHORS', 420, 438 ]
251 silly gunzTarPerm extractEntry deps/mpg123/TODO
252 silly gunzTarPerm modified mode [ 'deps/mpg123/TODO', 420, 438 ]
253 silly gunzTarPerm extractEntry doc/callback.md
254 silly gunzTarPerm modified mode [ 'doc/callback.md', 436, 438 ]
255 silly gunzTarPerm extractEntry doc/converters.md
256 silly gunzTarPerm modified mode [ 'doc/converters.md', 436, 438 ]
257 silly gunzTarPerm extractEntry deps/mpg123/aclocal.m4
258 silly gunzTarPerm modified mode [ 'deps/mpg123/aclocal.m4', 420, 438 ]
259 silly gunzTarPerm extractEntry deps/mpg123/config/freebsd/x64/config.h
260 silly gunzTarPerm modified mode [ 'deps/mpg123/config/freebsd/x64/config.h', 420, 438 ]
261 silly gunzTarPerm extractEntry deps/mpg123/config/freebsd/x64/mpg123.h
262 silly gunzTarPerm modified mode [ 'deps/mpg123/config/freebsd/x64/mpg123.h', 420, 438 ]
263 silly gunzTarPerm extractEntry deps/mpg123/config/linux/arm/config.h
264 silly gunzTarPerm modified mode [ 'deps/mpg123/config/linux/arm/config.h', 420, 438 ]
265 silly gunzTarPerm extractEntry deps/mpg123/config/linux/arm/mpg123.h
266 silly gunzTarPerm modified mode [ 'deps/mpg123/config/linux/arm/mpg123.h', 420, 438 ]
267 silly gunzTarPerm extractEntry doc/errors.md
268 silly gunzTarPerm modified mode [ 'doc/errors.md', 436, 438 ]
269 silly gunzTarPerm extractEntry doc/json.md
270 silly gunzTarPerm modified mode [ 'doc/json.md', 436, 438 ]
271 silly gunzTarPerm extractEntry deps/mpg123/config/linux/ia32/config.h
272 silly gunzTarPerm modified mode [ 'deps/mpg123/config/linux/ia32/config.h', 420, 438 ]
273 silly gunzTarPerm extractEntry deps/mpg123/config/linux/ia32/mpg123.h
274 silly gunzTarPerm modified mode [ 'deps/mpg123/config/linux/ia32/mpg123.h', 420, 438 ]
275 silly gunzTarPerm extractEntry deps/mpg123/config/linux/x64/config.h
276 silly gunzTarPerm modified mode [ 'deps/mpg123/config/linux/x64/config.h', 420, 438 ]
277 silly gunzTarPerm extractEntry deps/mpg123/config/linux/x64/mpg123.h
278 silly gunzTarPerm modified mode [ 'deps/mpg123/config/linux/x64/mpg123.h', 420, 438 ]
279 silly gunzTarPerm extractEntry deps/mpg123/config/mac/ia32/config.h
280 silly gunzTarPerm modified mode [ 'deps/mpg123/config/mac/ia32/config.h', 420, 438 ]
281 silly gunzTarPerm extractEntry doc/maybe_types.md
282 silly gunzTarPerm modified mode [ 'doc/maybe_types.md', 436, 438 ]
283 silly gunzTarPerm extractEntry doc/methods.md
284 silly gunzTarPerm modified mode [ 'doc/methods.md', 436, 438 ]
285 silly gunzTarPerm extractEntry deps/mpg123/config/mac/ia32/mpg123.h
286 silly gunzTarPerm modified mode [ 'deps/mpg123/config/mac/ia32/mpg123.h', 420, 438 ]
287 silly gunzTarPerm extractEntry deps/mpg123/config/mac/x64/config.h
288 silly gunzTarPerm modified mode [ 'deps/mpg123/config/mac/x64/config.h', 420, 438 ]
289 silly gunzTarPerm extractEntry deps/mpg123/config/mac/x64/mpg123.h
290 silly gunzTarPerm modified mode [ 'deps/mpg123/config/mac/x64/mpg123.h', 420, 438 ]
291 silly gunzTarPerm extractEntry deps/mpg123/config/solaris/ia32/config.h
292 silly gunzTarPerm modified mode [ 'deps/mpg123/config/solaris/ia32/config.h', 420, 438 ]
293 silly gunzTarPerm extractEntry doc/buffers.md
294 silly gunzTarPerm modified mode [ 'doc/buffers.md', 436, 438 ]
295 silly gunzTarPerm extractEntry doc/node_misc.md
296 silly gunzTarPerm modified mode [ 'doc/node_misc.md', 436, 438 ]
297 silly gunzTarPerm extractEntry deps/mpg123/config/solaris/ia32/mpg123.h
298 silly gunzTarPerm modified mode [ 'deps/mpg123/config/solaris/ia32/mpg123.h', 420, 438 ]
299 silly gunzTarPerm extractEntry deps/mpg123/config/solaris/x64/config.h
300 silly gunzTarPerm modified mode [ 'deps/mpg123/config/solaris/x64/config.h', 420, 438 ]
301 silly gunzTarPerm extractEntry deps/mpg123/config/solaris/x64/mpg123.h
302 silly gunzTarPerm modified mode [ 'deps/mpg123/config/solaris/x64/mpg123.h', 420, 438 ]
303 silly gunzTarPerm extractEntry deps/mpg123/config/win/ia32/config.h
304 silly gunzTarPerm modified mode [ 'deps/mpg123/config/win/ia32/config.h', 420, 438 ]
305 silly gunzTarPerm extractEntry deps/mpg123/config/win/ia32/mpg123.h
306 silly gunzTarPerm modified mode [ 'deps/mpg123/config/win/ia32/mpg123.h', 420, 438 ]
307 silly gunzTarPerm extractEntry deps/mpg123/config/win/x64/config.h
308 silly gunzTarPerm modified mode [ 'deps/mpg123/config/win/x64/config.h', 420, 438 ]
309 silly gunzTarPerm extractEntry doc/object_wrappers.md
310 silly gunzTarPerm modified mode [ 'doc/object_wrappers.md', 436, 438 ]
311 silly gunzTarPerm extractEntry doc/persistent.md
312 silly gunzTarPerm modified mode [ 'doc/persistent.md', 436, 438 ]
313 silly gunzTarPerm extractEntry deps/mpg123/config/win/x64/mpg123.h
314 silly gunzTarPerm modified mode [ 'deps/mpg123/config/win/x64/mpg123.h', 420, 438 ]
315 silly gunzTarPerm extractEntry deps/mpg123/configure
316 silly gunzTarPerm modified mode [ 'deps/mpg123/configure', 493, 511 ]
317 silly gunzTarPerm extractEntry doc/scopes.md
318 silly gunzTarPerm modified mode [ 'doc/scopes.md', 436, 438 ]
319 silly gunzTarPerm extractEntry doc/script.md
320 silly gunzTarPerm modified mode [ 'doc/script.md', 436, 438 ]
321 silly gunzTarPerm extractEntry doc/string_bytes.md
322 silly gunzTarPerm modified mode [ 'doc/string_bytes.md', 436, 438 ]
323 silly gunzTarPerm extractEntry doc/v8_internals.md
324 silly gunzTarPerm modified mode [ 'doc/v8_internals.md', 436, 438 ]
325 silly gunzTarPerm extractEntry deps/mpg123/COPYING
326 silly gunzTarPerm modified mode [ 'deps/mpg123/COPYING', 420, 438 ]
327 silly gunzTarPerm extractEntry doc/v8_misc.md
328 silly gunzTarPerm modified mode [ 'doc/v8_misc.md', 436, 438 ]
329 silly gunzTarPerm extractEntry nan.h
330 silly gunzTarPerm modified mode [ 'nan.h', 436, 438 ]
331 silly gunzTarPerm extractEntry deps/mpg123/equalize.dat
332 silly gunzTarPerm modified mode [ 'deps/mpg123/equalize.dat', 420, 438 ]
333 silly gunzTarPerm extractEntry deps/mpg123/libmpg123.pc.in
334 silly gunzTarPerm modified mode [ 'deps/mpg123/libmpg123.pc.in', 420, 438 ]
335 silly gunzTarPerm extractEntry deps/mpg123/m4/addrconfig.m4
336 silly gunzTarPerm modified mode [ 'deps/mpg123/m4/addrconfig.m4', 420, 438 ]
337 silly gunzTarPerm extractEntry nan_callbacks.h
338 silly gunzTarPerm modified mode [ 'nan_callbacks.h', 436, 438 ]
339 silly gunzTarPerm extractEntry nan_callbacks_12_inl.h
340 silly gunzTarPerm modified mode [ 'nan_callbacks_12_inl.h', 436, 438 ]
341 silly gunzTarPerm extractEntry deps/mpg123/m4/libtool.m4
342 silly gunzTarPerm modified mode [ 'deps/mpg123/m4/libtool.m4', 420, 438 ]
343 silly gunzTarPerm extractEntry nan_callbacks_pre_12_inl.h
344 silly gunzTarPerm modified mode [ 'nan_callbacks_pre_12_inl.h', 436, 438 ]
345 silly gunzTarPerm extractEntry nan_converters.h
346 silly gunzTarPerm modified mode [ 'nan_converters.h', 436, 438 ]
347 silly gunzTarPerm extractEntry nan_converters_pre_43_inl.h
348 silly gunzTarPerm modified mode [ 'nan_converters_pre_43_inl.h', 436, 438 ]
349 silly gunzTarPerm extractEntry nan_implementation_12_inl.h
350 silly gunzTarPerm modified mode [ 'nan_implementation_12_inl.h', 436, 438 ]
351 silly gunzTarPerm extractEntry deps/mpg123/m4/ltoptions.m4
352 silly gunzTarPerm modified mode [ 'deps/mpg123/m4/ltoptions.m4', 420, 438 ]
353 silly gunzTarPerm extractEntry nan_implementation_pre_12_inl.h
354 silly gunzTarPerm modified mode [ 'nan_implementation_pre_12_inl.h', 436, 438 ]
355 silly gunzTarPerm extractEntry nan_json.h
356 silly gunzTarPerm modified mode [ 'nan_json.h', 436, 438 ]
357 silly gunzTarPerm extractEntry nan_maybe_43_inl.h
358 silly gunzTarPerm modified mode [ 'nan_maybe_43_inl.h', 436, 438 ]
359 silly gunzTarPerm extractEntry nan_maybe_pre_43_inl.h
360 silly gunzTarPerm modified mode [ 'nan_maybe_pre_43_inl.h', 436, 438 ]
361 silly gunzTarPerm extractEntry deps/mpg123/m4/ltsugar.m4
362 silly gunzTarPerm modified mode [ 'deps/mpg123/m4/ltsugar.m4', 420, 438 ]
363 silly gunzTarPerm extractEntry deps/mpg123/m4/ltversion.m4
364 silly gunzTarPerm modified mode [ 'deps/mpg123/m4/ltversion.m4', 420, 438 ]
365 silly gunzTarPerm extractEntry deps/mpg123/m4/lt~obsolete.m4
366 silly gunzTarPerm modified mode [ 'deps/mpg123/m4/lt~obsolete.m4', 420, 438 ]
367 silly gunzTarPerm extractEntry nan_new.h
368 silly gunzTarPerm modified mode [ 'nan_new.h', 436, 438 ]
369 silly gunzTarPerm extractEntry nan_object_wrap.h
370 silly gunzTarPerm modified mode [ 'nan_object_wrap.h', 436, 438 ]
371 silly gunzTarPerm extractEntry deps/mpg123/makedll.sh
372 silly gunzTarPerm modified mode [ 'deps/mpg123/makedll.sh', 420, 438 ]
373 silly gunzTarPerm extractEntry deps/mpg123/man1/mpg123.1
374 silly gunzTarPerm modified mode [ 'deps/mpg123/man1/mpg123.1', 420, 438 ]
375 silly gunzTarPerm extractEntry deps/mpg123/mpg123.gyp
376 silly gunzTarPerm modified mode [ 'deps/mpg123/mpg123.gyp', 420, 438 ]
377 silly gunzTarPerm extractEntry nan_persistent_12_inl.h
378 silly gunzTarPerm modified mode [ 'nan_persistent_12_inl.h', 436, 438 ]
379 silly gunzTarPerm extractEntry nan_persistent_pre_12_inl.h
380 silly gunzTarPerm modified mode [ 'nan_persistent_pre_12_inl.h', 436, 438 ]
381 silly gunzTarPerm extractEntry deps/mpg123/mpg123.spec
382 silly gunzTarPerm modified mode [ 'deps/mpg123/mpg123.spec', 420, 438 ]
383 silly gunzTarPerm extractEntry deps/mpg123/mpg123.spec.in
384 silly gunzTarPerm modified mode [ 'deps/mpg123/mpg123.spec.in', 420, 438 ]
385 silly gunzTarPerm extractEntry nan_private.h
386 silly gunzTarPerm modified mode [ 'nan_private.h', 436, 438 ]
387 silly gunzTarPerm extractEntry nan_string_bytes.h
388 silly gunzTarPerm modified mode [ 'nan_string_bytes.h', 436, 438 ]
389 silly gunzTarPerm extractEntry nan_typedarray_contents.h
390 silly gunzTarPerm modified mode [ 'nan_typedarray_contents.h', 436, 438 ]
391 silly gunzTarPerm extractEntry nan_weak.h
392 silly gunzTarPerm modified mode [ 'nan_weak.h', 436, 438 ]
393 silly gunzTarPerm extractEntry deps/mpg123/scripts/benchmark-cpu.pl
394 silly gunzTarPerm modified mode [ 'deps/mpg123/scripts/benchmark-cpu.pl', 493, 511 ]
395 silly gunzTarPerm extractEntry deps/mpg123/scripts/tag_lyrics.py
396 silly gunzTarPerm modified mode [ 'deps/mpg123/scripts/tag_lyrics.py', 420, 438 ]
397 silly gunzTarPerm extractEntry deps/mpg123/src/metaprint.h
398 silly gunzTarPerm modified mode [ 'deps/mpg123/src/metaprint.h', 420, 438 ]
399 silly gunzTarPerm extractEntry deps/mpg123/src/Makefile.am
400 silly gunzTarPerm modified mode [ 'deps/mpg123/src/Makefile.am', 420, 438 ]
401 silly gunzTarPerm extractEntry deps/mpg123/src/audio.c
402 silly gunzTarPerm modified mode [ 'deps/mpg123/src/audio.c', 420, 438 ]
403 silly gunzTarPerm extractEntry deps/mpg123/src/audio.h
404 silly gunzTarPerm modified mode [ 'deps/mpg123/src/audio.h', 420, 438 ]
405 silly gunzTarPerm extractEntry CHANGELOG.md
406 silly gunzTarPerm modified mode [ 'CHANGELOG.md', 436, 438 ]
407 silly gunzTarPerm extractEntry tools/package.json
408 silly gunzTarPerm modified mode [ 'tools/package.json', 436, 438 ]
409 silly gunzTarPerm extractEntry tools/README.md
410 silly gunzTarPerm modified mode [ 'tools/README.md', 436, 438 ]
411 silly gunzTarPerm extractEntry tools/1to2.js
412 silly gunzTarPerm modified mode [ 'tools/1to2.js', 509, 511 ]
413 silly gunzTarPerm extractEntry deps/mpg123/src/buffer.c
414 silly gunzTarPerm modified mode [ 'deps/mpg123/src/buffer.c', 420, 438 ]
415 silly gunzTarPerm extractEntry deps/mpg123/src/buffer.h
416 silly gunzTarPerm modified mode [ 'deps/mpg123/src/buffer.h', 420, 438 ]
417 silly gunzTarPerm extractEntry deps/mpg123/src/common.c
418 silly gunzTarPerm modified mode [ 'deps/mpg123/src/common.c', 420, 438 ]
419 silly gunzTarPerm extractEntry deps/mpg123/src/common.h
420 silly gunzTarPerm modified mode [ 'deps/mpg123/src/common.h', 420, 438 ]
421 silly gunzTarPerm extractEntry deps/mpg123/src/config.h.in
422 silly gunzTarPerm modified mode [ 'deps/mpg123/src/config.h.in', 420, 438 ]
423 silly gunzTarPerm extractEntry deps/mpg123/src/control_generic.c
424 silly gunzTarPerm modified mode [ 'deps/mpg123/src/control_generic.c', 420, 438 ]
425 silly gunzTarPerm extractEntry deps/mpg123/src/equalizer.c
426 silly gunzTarPerm modified mode [ 'deps/mpg123/src/equalizer.c', 420, 438 ]
427 silly gunzTarPerm extractEntry deps/mpg123/src/genre.c
428 silly gunzTarPerm modified mode [ 'deps/mpg123/src/genre.c', 420, 438 ]
429 silly gunzTarPerm extractEntry deps/mpg123/src/genre.h
430 silly gunzTarPerm modified mode [ 'deps/mpg123/src/genre.h', 420, 438 ]
431 silly gunzTarPerm extractEntry deps/mpg123/src/getlopt.c
432 silly gunzTarPerm modified mode [ 'deps/mpg123/src/getlopt.c', 420, 438 ]
433 silly gunzTarPerm extractEntry deps/mpg123/src/getlopt.h
434 silly gunzTarPerm modified mode [ 'deps/mpg123/src/getlopt.h', 420, 438 ]
435 silly gunzTarPerm extractEntry deps/mpg123/src/httpget.c
436 silly gunzTarPerm modified mode [ 'deps/mpg123/src/httpget.c', 420, 438 ]
437 silly gunzTarPerm extractEntry deps/mpg123/src/httpget.h
438 silly gunzTarPerm modified mode [ 'deps/mpg123/src/httpget.h', 420, 438 ]
439 silly gunzTarPerm extractEntry deps/mpg123/src/legacy_module.c
440 silly gunzTarPerm modified mode [ 'deps/mpg123/src/legacy_module.c', 420, 438 ]
441 silly gunzTarPerm extractEntry deps/mpg123/src/libmpg123/mpg123lib_intern.h
442 silly gunzTarPerm modified mode [ 'deps/mpg123/src/libmpg123/mpg123lib_intern.h', 420, 438 ]
443 silly gunzTarPerm extractEntry deps/mpg123/src/libmpg123/Makefile.am
444 silly gunzTarPerm modified mode [ 'deps/mpg123/src/libmpg123/Makefile.am', 420, 438 ]
445 silly gunzTarPerm extractEntry deps/mpg123/src/libmpg123/compat.c
446 silly gunzTarPerm modified mode [ 'deps/mpg123/src/libmpg123/compat.c', 420, 438 ]
447 silly gunzTarPerm extractEntry deps/mpg123/src/libmpg123/compat.h
448 silly gunzTarPerm modified mode [ 'deps/mpg123/src/libmpg123/compat.h', 420, 438 ]
449 silly gunzTarPerm extractEntry deps/mpg123/src/libmpg123/dct36_3dnow.S
450 silly gunzTarPerm modified mode [ 'deps/mpg123/src/libmpg123/dct36_3dnow.S', 420, 438 ]
451 silly gunzTarPerm extractEntry deps/mpg123/src/libmpg123/dct36_3dnowext.S
452 silly gunzTarPerm modified mode [ 'deps/mpg123/src/libmpg123/dct36_3dnowext.S', 420, 438 ]
453 silly gunzTarPerm extractEntry deps/mpg123/src/libmpg123/dct64.c
454 silly gunzTarPerm modified mode [ 'deps/mpg123/src/libmpg123/dct64.c', 420, 438 ]
455 silly gunzTarPerm extractEntry deps/mpg123/src/libmpg123/dct64_3dnow.S
456 silly gunzTarPerm modified mode [ 'deps/mpg123/src/libmpg123/dct64_3dnow.S', 420, 438 ]
457 silly gunzTarPerm extractEntry deps/mpg123/src/libmpg123/dct64_3dnowext.S
458 silly gunzTarPerm modified mode [ 'deps/mpg123/src/libmpg123/dct64_3dnowext.S', 420, 438 ]
459 silly gunzTarPerm extractEntry deps/mpg123/src/libmpg123/dct64_altivec.c
460 silly gunzTarPerm modified mode [ 'deps/mpg123/src/libmpg123/dct64_altivec.c', 420, 438 ]
461 silly gunzTarPerm extractEntry deps/mpg123/src/libmpg123/dct64_i386.c
462 silly gunzTarPerm modified mode [ 'deps/mpg123/src/libmpg123/dct64_i386.c', 420, 438 ]
463 silly gunzTarPerm extractEntry deps/mpg123/src/libmpg123/dct64_i486.c
464 silly gunzTarPerm modified mode [ 'deps/mpg123/src/libmpg123/dct64_i486.c', 420, 438 ]
465 silly gunzTarPerm extractEntry deps/mpg123/src/libmpg123/dct64_mmx.S
466 silly gunzTarPerm modified mode [ 'deps/mpg123/src/libmpg123/dct64_mmx.S', 420, 438 ]
467 silly gunzTarPerm extractEntry deps/mpg123/src/libmpg123/dct64_neon.S
468 silly gunzTarPerm modified mode [ 'deps/mpg123/src/libmpg123/dct64_neon.S', 420, 438 ]
469 silly gunzTarPerm extractEntry deps/mpg123/src/libmpg123/dct64_neon_float.S
470 silly gunzTarPerm modified mode [ 'deps/mpg123/src/libmpg123/dct64_neon_float.S', 420, 438 ]
471 silly gunzTarPerm extractEntry deps/mpg123/src/libmpg123/dct64_sse.S
472 silly gunzTarPerm modified mode [ 'deps/mpg123/src/libmpg123/dct64_sse.S', 420, 438 ]
473 silly gunzTarPerm extractEntry deps/mpg123/src/libmpg123/dct64_sse_float.S
474 silly gunzTarPerm modified mode [ 'deps/mpg123/src/libmpg123/dct64_sse_float.S', 420, 438 ]
475 silly gunzTarPerm extractEntry deps/mpg123/src/libmpg123/dct64_x86_64.S
476 silly gunzTarPerm modified mode [ 'deps/mpg123/src/libmpg123/dct64_x86_64.S', 420, 438 ]
477 silly gunzTarPerm extractEntry deps/mpg123/src/libmpg123/dct64_x86_64_float.S
478 silly gunzTarPerm modified mode [ 'deps/mpg123/src/libmpg123/dct64_x86_64_float.S', 420, 438 ]
479 silly gunzTarPerm extractEntry deps/mpg123/src/libmpg123/debug.h
480 silly gunzTarPerm modified mode [ 'deps/mpg123/src/libmpg123/debug.h', 420, 438 ]
481 silly gunzTarPerm extractEntry deps/mpg123/src/libmpg123/decode.h
482 silly gunzTarPerm modified mode [ 'deps/mpg123/src/libmpg123/decode.h', 420, 438 ]
483 silly gunzTarPerm extractEntry deps/mpg123/src/libmpg123/dither.c
484 silly gunzTarPerm modified mode [ 'deps/mpg123/src/libmpg123/dither.c', 420, 438 ]
485 silly gunzTarPerm extractEntry deps/mpg123/src/libmpg123/dither.h
486 silly gunzTarPerm modified mode [ 'deps/mpg123/src/libmpg123/dither.h', 420, 438 ]
487 silly gunzTarPerm extractEntry deps/mpg123/src/libmpg123/equalizer.c
488 silly gunzTarPerm modified mode [ 'deps/mpg123/src/libmpg123/equalizer.c', 420, 438 ]
489 silly gunzTarPerm extractEntry deps/mpg123/src/libmpg123/equalizer_3dnow.S
490 silly gunzTarPerm modified mode [ 'deps/mpg123/src/libmpg123/equalizer_3dnow.S', 420, 438 ]
491 silly gunzTarPerm extractEntry deps/mpg123/src/libmpg123/feature.c
492 silly gunzTarPerm modified mode [ 'deps/mpg123/src/libmpg123/feature.c', 420, 438 ]
493 silly gunzTarPerm extractEntry deps/mpg123/src/libmpg123/format.c
494 silly gunzTarPerm modified mode [ 'deps/mpg123/src/libmpg123/format.c', 420, 438 ]
495 silly gunzTarPerm extractEntry deps/mpg123/src/libmpg123/frame.c
496 silly gunzTarPerm modified mode [ 'deps/mpg123/src/libmpg123/frame.c', 420, 438 ]
497 silly gunzTarPerm extractEntry deps/mpg123/src/libmpg123/frame.h
498 silly gunzTarPerm modified mode [ 'deps/mpg123/src/libmpg123/frame.h', 420, 438 ]
499 silly gunzTarPerm extractEntry deps/mpg123/src/libmpg123/gapless.h
500 silly gunzTarPerm modified mode [ 'deps/mpg123/src/libmpg123/gapless.h', 420, 438 ]
501 silly gunzTarPerm extractEntry deps/mpg123/src/libmpg123/getbits.h
502 silly gunzTarPerm modified mode [ 'deps/mpg123/src/libmpg123/getbits.h', 420, 438 ]
503 silly gunzTarPerm extractEntry deps/mpg123/src/libmpg123/getcpuflags.S
504 silly gunzTarPerm modified mode [ 'deps/mpg123/src/libmpg123/getcpuflags.S', 420, 438 ]
505 silly gunzTarPerm extractEntry deps/mpg123/src/libmpg123/getcpuflags.h
506 silly gunzTarPerm modified mode [ 'deps/mpg123/src/libmpg123/getcpuflags.h', 420, 438 ]
507 silly gunzTarPerm extractEntry deps/mpg123/src/libmpg123/huffman.h
508 silly gunzTarPerm modified mode [ 'deps/mpg123/src/libmpg123/huffman.h', 420, 438 ]
509 silly gunzTarPerm extractEntry deps/mpg123/src/libmpg123/icy.c
510 silly gunzTarPerm modified mode [ 'deps/mpg123/src/libmpg123/icy.c', 420, 438 ]
511 silly gunzTarPerm extractEntry deps/mpg123/src/libmpg123/icy.h
512 silly gunzTarPerm modified mode [ 'deps/mpg123/src/libmpg123/icy.h', 420, 438 ]
513 silly gunzTarPerm extractEntry deps/mpg123/src/libmpg123/icy2utf8.c
514 silly gunzTarPerm modified mode [ 'deps/mpg123/src/libmpg123/icy2utf8.c', 420, 438 ]
515 silly gunzTarPerm extractEntry deps/mpg123/src/libmpg123/icy2utf8.h
516 silly gunzTarPerm modified mode [ 'deps/mpg123/src/libmpg123/icy2utf8.h', 420, 438 ]
517 silly gunzTarPerm extractEntry deps/mpg123/src/libmpg123/id3.c
518 silly gunzTarPerm modified mode [ 'deps/mpg123/src/libmpg123/id3.c', 420, 438 ]
519 silly gunzTarPerm extractEntry deps/mpg123/src/libmpg123/id3.h
520 silly gunzTarPerm modified mode [ 'deps/mpg123/src/libmpg123/id3.h', 420, 438 ]
521 silly gunzTarPerm extractEntry deps/mpg123/src/libmpg123/index.c
522 silly gunzTarPerm modified mode [ 'deps/mpg123/src/libmpg123/index.c', 420, 438 ]
523 silly gunzTarPerm extractEntry deps/mpg123/src/libmpg123/index.h
524 silly gunzTarPerm modified mode [ 'deps/mpg123/src/libmpg123/index.h', 420, 438 ]
525 silly gunzTarPerm extractEntry deps/mpg123/src/libmpg123/intsym.h
526 silly gunzTarPerm modified mode [ 'deps/mpg123/src/libmpg123/intsym.h', 420, 438 ]
527 silly gunzTarPerm extractEntry deps/mpg123/src/libmpg123/l12_integer_tables.h
528 silly gunzTarPerm modified mode [ 'deps/mpg123/src/libmpg123/l12_integer_tables.h', 420, 438 ]
529 silly gunzTarPerm extractEntry deps/mpg123/src/libmpg123/l2tables.h
530 silly gunzTarPerm modified mode [ 'deps/mpg123/src/libmpg123/l2tables.h', 420, 438 ]
531 silly gunzTarPerm extractEntry deps/mpg123/src/libmpg123/l3_integer_tables.h
532 silly gunzTarPerm modified mode [ 'deps/mpg123/src/libmpg123/l3_integer_tables.h', 420, 438 ]
533 silly gunzTarPerm extractEntry deps/mpg123/src/libmpg123/layer1.c
534 silly gunzTarPerm modified mode [ 'deps/mpg123/src/libmpg123/layer1.c', 420, 438 ]
535 silly gunzTarPerm extractEntry deps/mpg123/src/libmpg123/layer2.c
536 silly gunzTarPerm modified mode [ 'deps/mpg123/src/libmpg123/layer2.c', 420, 438 ]
537 silly gunzTarPerm extractEntry deps/mpg123/src/libmpg123/layer3.c
538 silly gunzTarPerm modified mode [ 'deps/mpg123/src/libmpg123/layer3.c', 420, 438 ]
539 silly gunzTarPerm extractEntry deps/mpg123/src/libmpg123/lfs_alias.c
540 silly gunzTarPerm modified mode [ 'deps/mpg123/src/libmpg123/lfs_alias.c', 420, 438 ]
541 silly gunzTarPerm extractEntry deps/mpg123/src/libmpg123/lfs_wrap.c
542 silly gunzTarPerm modified mode [ 'deps/mpg123/src/libmpg123/lfs_wrap.c', 420, 438 ]
543 silly gunzTarPerm extractEntry deps/mpg123/src/libmpg123/libmpg123.c
544 silly gunzTarPerm modified mode [ 'deps/mpg123/src/libmpg123/libmpg123.c', 420, 438 ]
545 silly gunzTarPerm extractEntry deps/mpg123/src/libmpg123/mangle.h
546 silly gunzTarPerm modified mode [ 'deps/mpg123/src/libmpg123/mangle.h', 420, 438 ]
547 silly gunzTarPerm extractEntry deps/mpg123/src/libmpg123/mpeghead.h
548 silly gunzTarPerm modified mode [ 'deps/mpg123/src/libmpg123/mpeghead.h', 420, 438 ]
549 silly gunzTarPerm extractEntry deps/mpg123/src/libmpg123/mpg123.h.in
550 silly gunzTarPerm modified mode [ 'deps/mpg123/src/libmpg123/mpg123.h.in', 420, 438 ]
551 silly gunzTarPerm extractEntry deps/mpg123/src/libmpg123/Makefile.in
552 silly gunzTarPerm modified mode [ 'deps/mpg123/src/libmpg123/Makefile.in', 420, 438 ]
553 silly gunzTarPerm extractEntry deps/mpg123/src/libmpg123/ntom.c
554 silly gunzTarPerm modified mode [ 'deps/mpg123/src/libmpg123/ntom.c', 420, 438 ]
555 silly gunzTarPerm extractEntry deps/mpg123/src/libmpg123/optimize.c
556 silly gunzTarPerm modified mode [ 'deps/mpg123/src/libmpg123/optimize.c', 420, 438 ]
557 silly gunzTarPerm extractEntry deps/mpg123/src/libmpg123/optimize.h
558 silly gunzTarPerm modified mode [ 'deps/mpg123/src/libmpg123/optimize.h', 420, 438 ]
559 silly gunzTarPerm extractEntry deps/mpg123/src/libmpg123/parse.c
560 silly gunzTarPerm modified mode [ 'deps/mpg123/src/libmpg123/parse.c', 420, 438 ]
561 silly gunzTarPerm extractEntry deps/mpg123/src/libmpg123/parse.h
562 silly gunzTarPerm modified mode [ 'deps/mpg123/src/libmpg123/parse.h', 420, 438 ]
563 silly gunzTarPerm extractEntry deps/mpg123/src/libmpg123/reader.h
564 silly gunzTarPerm modified mode [ 'deps/mpg123/src/libmpg123/reader.h', 420, 438 ]
565 silly gunzTarPerm extractEntry deps/mpg123/src/libmpg123/readers.c
566 silly gunzTarPerm modified mode [ 'deps/mpg123/src/libmpg123/readers.c', 420, 438 ]
567 silly gunzTarPerm extractEntry deps/mpg123/src/libmpg123/sample.h
568 silly gunzTarPerm modified mode [ 'deps/mpg123/src/libmpg123/sample.h', 420, 438 ]
569 silly gunzTarPerm extractEntry deps/mpg123/src/libmpg123/stringbuf.c
570 silly gunzTarPerm modified mode [ 'deps/mpg123/src/libmpg123/stringbuf.c', 420, 438 ]
571 silly gunzTarPerm extractEntry deps/mpg123/src/libmpg123/synth.c
572 silly gunzTarPerm modified mode [ 'deps/mpg123/src/libmpg123/synth.c', 420, 438 ]
573 silly gunzTarPerm extractEntry deps/mpg123/src/libmpg123/synth.h
574 silly gunzTarPerm modified mode [ 'deps/mpg123/src/libmpg123/synth.h', 420, 438 ]
575 silly gunzTarPerm extractEntry deps/mpg123/src/libmpg123/synth_3dnow.S
576 silly gunzTarPerm modified mode [ 'deps/mpg123/src/libmpg123/synth_3dnow.S', 420, 438 ]
577 silly gunzTarPerm extractEntry deps/mpg123/src/libmpg123/synth_3dnowext.S
578 silly gunzTarPerm modified mode [ 'deps/mpg123/src/libmpg123/synth_3dnowext.S', 420, 438 ]
579 silly gunzTarPerm extractEntry deps/mpg123/src/libmpg123/synth_8bit.c
580 silly gunzTarPerm modified mode [ 'deps/mpg123/src/libmpg123/synth_8bit.c', 420, 438 ]
581 silly gunzTarPerm extractEntry deps/mpg123/src/libmpg123/synth_8bit.h
582 silly gunzTarPerm modified mode [ 'deps/mpg123/src/libmpg123/synth_8bit.h', 420, 438 ]
583 silly gunzTarPerm extractEntry deps/mpg123/src/libmpg123/synth_altivec.c
584 silly gunzTarPerm modified mode [ 'deps/mpg123/src/libmpg123/synth_altivec.c', 420, 438 ]
585 silly gunzTarPerm extractEntry deps/mpg123/src/libmpg123/synth_arm.S
586 silly gunzTarPerm modified mode [ 'deps/mpg123/src/libmpg123/synth_arm.S', 420, 438 ]
587 silly gunzTarPerm extractEntry deps/mpg123/src/libmpg123/synth_arm_accurate.S
588 silly gunzTarPerm modified mode [ 'deps/mpg123/src/libmpg123/synth_arm_accurate.S', 420, 438 ]
589 silly gunzTarPerm extractEntry deps/mpg123/src/libmpg123/synth_i486.c
590 silly gunzTarPerm modified mode [ 'deps/mpg123/src/libmpg123/synth_i486.c', 420, 438 ]
591 silly gunzTarPerm extractEntry deps/mpg123/src/libmpg123/synth_i586.S
592 silly gunzTarPerm modified mode [ 'deps/mpg123/src/libmpg123/synth_i586.S', 420, 438 ]
593 silly gunzTarPerm extractEntry deps/mpg123/src/libmpg123/synth_i586_dither.S
594 silly gunzTarPerm modified mode [ 'deps/mpg123/src/libmpg123/synth_i586_dither.S', 420, 438 ]
595 silly gunzTarPerm extractEntry deps/mpg123/src/libmpg123/synth_mmx.S
596 silly gunzTarPerm modified mode [ 'deps/mpg123/src/libmpg123/synth_mmx.S', 420, 438 ]
597 silly gunzTarPerm extractEntry deps/mpg123/src/libmpg123/synth_mono.h
598 silly gunzTarPerm modified mode [ 'deps/mpg123/src/libmpg123/synth_mono.h', 420, 438 ]
599 silly gunzTarPerm extractEntry deps/mpg123/src/libmpg123/synth_neon.S
600 silly gunzTarPerm modified mode [ 'deps/mpg123/src/libmpg123/synth_neon.S', 420, 438 ]
601 silly gunzTarPerm extractEntry deps/mpg123/src/libmpg123/synth_neon_accurate.S
602 silly gunzTarPerm modified mode [ 'deps/mpg123/src/libmpg123/synth_neon_accurate.S', 420, 438 ]
603 silly gunzTarPerm extractEntry deps/mpg123/src/libmpg123/synth_neon_float.S
604 silly gunzTarPerm modified mode [ 'deps/mpg123/src/libmpg123/synth_neon_float.S', 420, 438 ]
605 silly gunzTarPerm extractEntry deps/mpg123/src/libmpg123/synth_neon_s32.S
606 silly gunzTarPerm modified mode [ 'deps/mpg123/src/libmpg123/synth_neon_s32.S', 420, 438 ]
607 silly gunzTarPerm extractEntry deps/mpg123/src/libmpg123/synth_ntom.h
608 silly gunzTarPerm modified mode [ 'deps/mpg123/src/libmpg123/synth_ntom.h', 420, 438 ]
609 silly gunzTarPerm extractEntry deps/mpg123/src/libmpg123/synth_real.c
610 silly gunzTarPerm modified mode [ 'deps/mpg123/src/libmpg123/synth_real.c', 420, 438 ]
611 silly gunzTarPerm extractEntry deps/mpg123/src/libmpg123/synth_s32.c
612 silly gunzTarPerm modified mode [ 'deps/mpg123/src/libmpg123/synth_s32.c', 420, 438 ]
613 silly gunzTarPerm extractEntry deps/mpg123/src/libmpg123/synth_sse.S
614 silly gunzTarPerm modified mode [ 'deps/mpg123/src/libmpg123/synth_sse.S', 420, 438 ]
615 silly gunzTarPerm extractEntry deps/mpg123/src/libmpg123/synth_sse3d.h
616 silly gunzTarPerm modified mode [ 'deps/mpg123/src/libmpg123/synth_sse3d.h', 420, 438 ]
617 silly gunzTarPerm extractEntry deps/mpg123/src/libmpg123/synth_sse_accurate.S
618 silly gunzTarPerm modified mode [ 'deps/mpg123/src/libmpg123/synth_sse_accurate.S', 420, 438 ]
619 silly gunzTarPerm extractEntry deps/mpg123/src/libmpg123/synth_sse_float.S
620 silly gunzTarPerm modified mode [ 'deps/mpg123/src/libmpg123/synth_sse_float.S', 420, 438 ]
621 silly gunzTarPerm extractEntry deps/mpg123/src/libmpg123/synth_sse_s32.S
622 silly gunzTarPerm modified mode [ 'deps/mpg123/src/libmpg123/synth_sse_s32.S', 420, 438 ]
623 silly gunzTarPerm extractEntry deps/mpg123/src/libmpg123/synth_stereo_neon.S
624 silly gunzTarPerm modified mode [ 'deps/mpg123/src/libmpg123/synth_stereo_neon.S', 420, 438 ]
625 silly gunzTarPerm extractEntry deps/mpg123/src/libmpg123/synth_stereo_neon_accurate.S
626 silly gunzTarPerm modified mode [ 'deps/mpg123/src/libmpg123/synth_stereo_neon_accurate.S',
626 silly gunzTarPerm   420,
626 silly gunzTarPerm   438 ]
627 silly gunzTarPerm extractEntry deps/mpg123/src/libmpg123/synth_stereo_neon_float.S
628 silly gunzTarPerm modified mode [ 'deps/mpg123/src/libmpg123/synth_stereo_neon_float.S',
628 silly gunzTarPerm   420,
628 silly gunzTarPerm   438 ]
629 silly gunzTarPerm extractEntry deps/mpg123/src/libmpg123/synth_stereo_neon_s32.S
630 silly gunzTarPerm modified mode [ 'deps/mpg123/src/libmpg123/synth_stereo_neon_s32.S', 420, 438 ]
631 silly gunzTarPerm extractEntry deps/mpg123/src/libmpg123/synth_stereo_sse_accurate.S
632 silly gunzTarPerm modified mode [ 'deps/mpg123/src/libmpg123/synth_stereo_sse_accurate.S',
632 silly gunzTarPerm   420,
632 silly gunzTarPerm   438 ]
633 silly gunzTarPerm extractEntry deps/mpg123/src/libmpg123/synth_stereo_sse_float.S
634 silly gunzTarPerm modified mode [ 'deps/mpg123/src/libmpg123/synth_stereo_sse_float.S',
634 silly gunzTarPerm   420,
634 silly gunzTarPerm   438 ]
635 silly gunzTarPerm extractEntry deps/mpg123/src/libmpg123/synth_stereo_sse_s32.S
636 silly gunzTarPerm modified mode [ 'deps/mpg123/src/libmpg123/synth_stereo_sse_s32.S', 420, 438 ]
637 silly gunzTarPerm extractEntry deps/mpg123/src/libmpg123/synth_stereo_x86_64.S
638 silly gunzTarPerm modified mode [ 'deps/mpg123/src/libmpg123/synth_stereo_x86_64.S', 420, 438 ]
639 silly gunzTarPerm extractEntry deps/mpg123/src/libmpg123/synth_stereo_x86_64_accurate.S
640 silly gunzTarPerm modified mode [ 'deps/mpg123/src/libmpg123/synth_stereo_x86_64_accurate.S',
640 silly gunzTarPerm   420,
640 silly gunzTarPerm   438 ]
641 silly gunzTarPerm extractEntry deps/mpg123/src/libmpg123/synth_stereo_x86_64_float.S
642 silly gunzTarPerm modified mode [ 'deps/mpg123/src/libmpg123/synth_stereo_x86_64_float.S',
642 silly gunzTarPerm   420,
642 silly gunzTarPerm   438 ]
643 silly gunzTarPerm extractEntry deps/mpg123/src/libmpg123/synth_stereo_x86_64_s32.S
644 silly gunzTarPerm modified mode [ 'deps/mpg123/src/libmpg123/synth_stereo_x86_64_s32.S',
644 silly gunzTarPerm   420,
644 silly gunzTarPerm   438 ]
645 silly gunzTarPerm extractEntry deps/mpg123/src/libmpg123/synth_x86_64.S
646 silly gunzTarPerm modified mode [ 'deps/mpg123/src/libmpg123/synth_x86_64.S', 420, 438 ]
647 silly gunzTarPerm extractEntry deps/mpg123/src/libmpg123/synth_x86_64_accurate.S
648 silly gunzTarPerm modified mode [ 'deps/mpg123/src/libmpg123/synth_x86_64_accurate.S', 420, 438 ]
649 silly gunzTarPerm extractEntry deps/mpg123/src/libmpg123/synth_x86_64_float.S
650 silly gunzTarPerm modified mode [ 'deps/mpg123/src/libmpg123/synth_x86_64_float.S', 420, 438 ]
651 silly gunzTarPerm extractEntry deps/mpg123/src/libmpg123/synth_x86_64_s32.S
652 silly gunzTarPerm modified mode [ 'deps/mpg123/src/libmpg123/synth_x86_64_s32.S', 420, 438 ]
653 silly gunzTarPerm extractEntry deps/mpg123/src/libmpg123/synths.h
654 silly gunzTarPerm modified mode [ 'deps/mpg123/src/libmpg123/synths.h', 420, 438 ]
655 silly gunzTarPerm extractEntry deps/mpg123/src/libmpg123/tabinit.c
656 silly gunzTarPerm modified mode [ 'deps/mpg123/src/libmpg123/tabinit.c', 420, 438 ]
657 silly gunzTarPerm extractEntry deps/mpg123/src/libmpg123/tabinit_mmx.S
658 silly gunzTarPerm modified mode [ 'deps/mpg123/src/libmpg123/tabinit_mmx.S', 420, 438 ]
659 silly gunzTarPerm extractEntry deps/mpg123/src/libmpg123/testcpu.c
660 silly gunzTarPerm modified mode [ 'deps/mpg123/src/libmpg123/testcpu.c', 420, 438 ]
661 silly gunzTarPerm extractEntry deps/mpg123/src/libmpg123/true.h
662 silly gunzTarPerm modified mode [ 'deps/mpg123/src/libmpg123/true.h', 420, 438 ]
663 silly gunzTarPerm extractEntry deps/mpg123/src/local.c
664 silly gunzTarPerm modified mode [ 'deps/mpg123/src/local.c', 420, 438 ]
665 silly gunzTarPerm extractEntry deps/mpg123/src/local.h
666 silly gunzTarPerm modified mode [ 'deps/mpg123/src/local.h', 420, 438 ]
667 silly gunzTarPerm extractEntry deps/mpg123/src/metaprint.c
668 silly gunzTarPerm modified mode [ 'deps/mpg123/src/metaprint.c', 420, 438 ]
669 silly gunzTarPerm extractEntry deps/mpg123/src/Makefile.in
670 silly gunzTarPerm modified mode [ 'deps/mpg123/src/Makefile.in', 420, 438 ]
671 silly gunzTarPerm extractEntry deps/mpg123/src/module.c
672 silly gunzTarPerm modified mode [ 'deps/mpg123/src/module.c', 420, 438 ]
673 silly gunzTarPerm extractEntry deps/mpg123/src/module.h
674 silly gunzTarPerm modified mode [ 'deps/mpg123/src/module.h', 420, 438 ]
675 silly gunzTarPerm extractEntry deps/mpg123/src/mpg123.c
676 silly gunzTarPerm modified mode [ 'deps/mpg123/src/mpg123.c', 420, 438 ]
677 silly gunzTarPerm extractEntry deps/mpg123/src/mpg123app.h
678 silly gunzTarPerm modified mode [ 'deps/mpg123/src/mpg123app.h', 420, 438 ]
679 silly gunzTarPerm extractEntry deps/mpg123/src/output/nas.c
680 silly gunzTarPerm modified mode [ 'deps/mpg123/src/output/nas.c', 420, 438 ]
681 silly gunzTarPerm extractEntry deps/mpg123/src/output/Makefile.am
682 silly gunzTarPerm modified mode [ 'deps/mpg123/src/output/Makefile.am', 420, 438 ]
683 silly gunzTarPerm extractEntry deps/mpg123/src/output/aix.c
684 silly gunzTarPerm modified mode [ 'deps/mpg123/src/output/aix.c', 420, 438 ]
685 silly gunzTarPerm extractEntry deps/mpg123/src/output/alib.c
686 silly gunzTarPerm modified mode [ 'deps/mpg123/src/output/alib.c', 420, 438 ]
687 silly gunzTarPerm extractEntry deps/mpg123/src/output/alsa.c
688 silly gunzTarPerm modified mode [ 'deps/mpg123/src/output/alsa.c', 420, 438 ]
689 silly gunzTarPerm extractEntry deps/mpg123/src/output/arts.c
690 silly gunzTarPerm modified mode [ 'deps/mpg123/src/output/arts.c', 420, 438 ]
691 silly gunzTarPerm extractEntry deps/mpg123/src/output/coreaudio.c
692 silly gunzTarPerm modified mode [ 'deps/mpg123/src/output/coreaudio.c', 420, 438 ]
693 silly gunzTarPerm extractEntry deps/mpg123/src/output/dummy.c
694 silly gunzTarPerm modified mode [ 'deps/mpg123/src/output/dummy.c', 420, 438 ]
695 silly gunzTarPerm extractEntry deps/mpg123/src/output/esd.c
696 silly gunzTarPerm modified mode [ 'deps/mpg123/src/output/esd.c', 420, 438 ]
697 silly gunzTarPerm extractEntry deps/mpg123/src/output/hp.c
698 silly gunzTarPerm modified mode [ 'deps/mpg123/src/output/hp.c', 420, 438 ]
699 silly gunzTarPerm extractEntry deps/mpg123/src/output/jack.c
700 silly gunzTarPerm modified mode [ 'deps/mpg123/src/output/jack.c', 420, 438 ]
701 silly gunzTarPerm extractEntry deps/mpg123/src/output/mint.c
702 silly gunzTarPerm modified mode [ 'deps/mpg123/src/output/mint.c', 420, 438 ]
703 silly gunzTarPerm extractEntry deps/mpg123/src/output/Makefile.in
704 silly gunzTarPerm modified mode [ 'deps/mpg123/src/output/Makefile.in', 420, 438 ]
705 silly gunzTarPerm extractEntry deps/mpg123/src/output/openal.c
706 silly gunzTarPerm modified mode [ 'deps/mpg123/src/output/openal.c', 420, 438 ]
707 silly gunzTarPerm extractEntry deps/mpg123/src/output/os2.c
708 silly gunzTarPerm modified mode [ 'deps/mpg123/src/output/os2.c', 420, 438 ]
709 silly gunzTarPerm extractEntry deps/mpg123/src/output/oss.c
710 silly gunzTarPerm modified mode [ 'deps/mpg123/src/output/oss.c', 420, 438 ]
711 silly gunzTarPerm extractEntry deps/mpg123/src/output/output.h
712 silly gunzTarPerm modified mode [ 'deps/mpg123/src/output/output.h', 420, 438 ]
713 silly gunzTarPerm extractEntry deps/mpg123/src/output/portaudio.c
714 silly gunzTarPerm modified mode [ 'deps/mpg123/src/output/portaudio.c', 420, 438 ]
715 silly gunzTarPerm extractEntry deps/mpg123/src/output/pulse.c
716 silly gunzTarPerm modified mode [ 'deps/mpg123/src/output/pulse.c', 420, 438 ]
717 silly gunzTarPerm extractEntry deps/mpg123/src/output/sdl.c
718 silly gunzTarPerm modified mode [ 'deps/mpg123/src/output/sdl.c', 420, 438 ]
719 silly gunzTarPerm extractEntry deps/mpg123/src/output/sgi.c
720 silly gunzTarPerm modified mode [ 'deps/mpg123/src/output/sgi.c', 420, 438 ]
721 silly gunzTarPerm extractEntry deps/mpg123/src/output/sndio.c
722 silly gunzTarPerm modified mode [ 'deps/mpg123/src/output/sndio.c', 420, 438 ]
723 silly gunzTarPerm extractEntry deps/mpg123/src/output/sun.c
724 silly gunzTarPerm modified mode [ 'deps/mpg123/src/output/sun.c', 420, 438 ]
725 silly gunzTarPerm extractEntry deps/mpg123/src/output/win32.c
726 silly gunzTarPerm modified mode [ 'deps/mpg123/src/output/win32.c', 420, 438 ]
727 silly gunzTarPerm extractEntry deps/mpg123/src/playlist.c
728 silly gunzTarPerm modified mode [ 'deps/mpg123/src/playlist.c', 420, 438 ]
729 silly gunzTarPerm extractEntry deps/mpg123/src/playlist.h
730 silly gunzTarPerm modified mode [ 'deps/mpg123/src/playlist.h', 420, 438 ]
731 silly gunzTarPerm extractEntry deps/mpg123/src/resolver.c
732 silly gunzTarPerm modified mode [ 'deps/mpg123/src/resolver.c', 420, 438 ]
733 silly gunzTarPerm extractEntry deps/mpg123/src/resolver.h
734 silly gunzTarPerm modified mode [ 'deps/mpg123/src/resolver.h', 420, 438 ]
735 silly gunzTarPerm extractEntry deps/mpg123/src/sfifo.c
736 silly gunzTarPerm modified mode [ 'deps/mpg123/src/sfifo.c', 420, 438 ]
737 silly gunzTarPerm extractEntry deps/mpg123/src/sfifo.h
738 silly gunzTarPerm modified mode [ 'deps/mpg123/src/sfifo.h', 420, 438 ]
739 silly gunzTarPerm extractEntry deps/mpg123/src/streamdump.c
740 silly gunzTarPerm modified mode [ 'deps/mpg123/src/streamdump.c', 420, 438 ]
741 silly gunzTarPerm extractEntry deps/mpg123/src/streamdump.h
742 silly gunzTarPerm modified mode [ 'deps/mpg123/src/streamdump.h', 420, 438 ]
743 silly gunzTarPerm extractEntry deps/mpg123/src/term.c
744 silly gunzTarPerm modified mode [ 'deps/mpg123/src/term.c', 420, 438 ]
745 silly gunzTarPerm extractEntry deps/mpg123/src/term.h
746 silly gunzTarPerm modified mode [ 'deps/mpg123/src/term.h', 420, 438 ]
747 silly gunzTarPerm extractEntry deps/mpg123/src/wav.c
748 silly gunzTarPerm modified mode [ 'deps/mpg123/src/wav.c', 420, 438 ]
749 silly gunzTarPerm extractEntry deps/mpg123/src/wavhead.h
750 silly gunzTarPerm modified mode [ 'deps/mpg123/src/wavhead.h', 420, 438 ]
751 silly gunzTarPerm extractEntry deps/mpg123/src/win32_net.c
752 silly gunzTarPerm modified mode [ 'deps/mpg123/src/win32_net.c', 493, 511 ]
753 silly gunzTarPerm extractEntry deps/mpg123/src/win32_support.c
754 silly gunzTarPerm modified mode [ 'deps/mpg123/src/win32_support.c', 493, 511 ]
755 silly gunzTarPerm extractEntry deps/mpg123/src/win32_support.h
756 silly gunzTarPerm modified mode [ 'deps/mpg123/src/win32_support.h', 493, 511 ]
757 silly gunzTarPerm extractEntry deps/mpg123/src/xfermem.c
758 silly gunzTarPerm modified mode [ 'deps/mpg123/src/xfermem.c', 420, 438 ]
759 silly gunzTarPerm extractEntry deps/mpg123/src/xfermem.h
760 silly gunzTarPerm modified mode [ 'deps/mpg123/src/xfermem.h', 420, 438 ]
761 silly gunzTarPerm extractEntry deps/mpg123/test.c
762 silly gunzTarPerm modified mode [ 'deps/mpg123/test.c', 420, 438 ]
763 silly gunzTarPerm extractEntry deps/mpg123/test_output.c
764 silly gunzTarPerm modified mode [ 'deps/mpg123/test_output.c', 420, 438 ]
765 silly gunzTarPerm extractEntry deps/mpg123/windows-builds.sh
766 silly gunzTarPerm modified mode [ 'deps/mpg123/windows-builds.sh', 493, 511 ]
767 silly gunzTarPerm extractEntry examples/sine.js
768 silly gunzTarPerm modified mode [ 'examples/sine.js', 420, 438 ]
769 silly gunzTarPerm extractEntry examples/stdin.js
770 silly gunzTarPerm modified mode [ 'examples/stdin.js', 420, 438 ]
771 silly gunzTarPerm extractEntry History.md
772 silly gunzTarPerm modified mode [ 'History.md', 420, 438 ]
773 silly gunzTarPerm extractEntry src/binding.cc
774 silly gunzTarPerm modified mode [ 'src/binding.cc', 420, 438 ]
775 silly gunzTarPerm extractEntry src/node_pointer.h
776 silly gunzTarPerm modified mode [ 'src/node_pointer.h', 420, 438 ]
777 silly gunzTarPerm extractEntry test/test.js
778 silly gunzTarPerm modified mode [ 'test/test.js', 420, 438 ]
779 silly doParallel preinstall 3
780 silly preinstall bindings@1.2.1 C:\Users\ccaine\Github\audio-player\node_modules\.staging\bindings-4afb3d4a1475264aed000c93524c764f
781 info lifecycle bindings@1.2.1~preinstall: bindings@1.2.1
782 silly preinstall nan@2.6.2 C:\Users\ccaine\Github\audio-player\node_modules\.staging\nan-7384851a0fdfadbbded3b52cd30939d9
783 info lifecycle nan@2.6.2~preinstall: nan@2.6.2
784 silly preinstall speaker@0.2.6 C:\Users\ccaine\Github\audio-player\node_modules\.staging\speaker-b10996492d8d31542d8d3ad40fef8f36
785 info lifecycle speaker@0.2.6~preinstall: speaker@0.2.6
786 silly lifecycle bindings@1.2.1~preinstall: no script for preinstall, continuing
787 silly lifecycle nan@2.6.2~preinstall: no script for preinstall, continuing
788 silly lifecycle speaker@0.2.6~preinstall: no script for preinstall, continuing
789 silly doReverseSerial remove 0
790 silly doSerial move 0
791 silly doSerial finalize 3
792 silly finalize C:\Users\ccaine\Github\audio-player\node_modules\bindings
793 silly finalize C:\Users\ccaine\Github\audio-player\node_modules\nan
794 silly finalize C:\Users\ccaine\Github\audio-player\node_modules\speaker
795 silly doSerial build 3
796 silly build bindings@1.2.1
797 info linkStuff bindings@1.2.1
798 silly linkStuff bindings@1.2.1 has C:\Users\ccaine\Github\audio-player\node_modules as its parent node_modules
799 verbose linkBins bindings@1.2.1
800 verbose linkMans bindings@1.2.1
801 silly build nan@2.6.2
802 info linkStuff nan@2.6.2
803 silly linkStuff nan@2.6.2 has C:\Users\ccaine\Github\audio-player\node_modules as its parent node_modules
804 verbose linkBins nan@2.6.2
805 verbose linkMans nan@2.6.2
806 silly build speaker@0.2.6
807 info linkStuff speaker@0.2.6
808 silly linkStuff speaker@0.2.6 has C:\Users\ccaine\Github\audio-player\node_modules as its parent node_modules
809 verbose linkBins speaker@0.2.6
810 verbose linkMans speaker@0.2.6
811 silly doSerial global-link 0
812 silly doParallel update-linked 0
813 silly doSerial install 3
814 silly install bindings@1.2.1 C:\Users\ccaine\Github\audio-player\node_modules\.staging\bindings-4afb3d4a1475264aed000c93524c764f
815 info lifecycle bindings@1.2.1~install: bindings@1.2.1
816 silly lifecycle bindings@1.2.1~install: no script for install, continuing
817 silly install nan@2.6.2 C:\Users\ccaine\Github\audio-player\node_modules\.staging\nan-7384851a0fdfadbbded3b52cd30939d9
818 info lifecycle nan@2.6.2~install: nan@2.6.2
819 silly lifecycle nan@2.6.2~install: no script for install, continuing
820 silly install speaker@0.2.6 C:\Users\ccaine\Github\audio-player\node_modules\.staging\speaker-b10996492d8d31542d8d3ad40fef8f36
821 info lifecycle speaker@0.2.6~install: speaker@0.2.6
822 verbose lifecycle speaker@0.2.6~install: unsafe-perm in lifecycle true
823 verbose lifecycle speaker@0.2.6~install: PATH: C:\Program Files\nodejs\node_modules\npm\bin\node-gyp-bin;C:\Users\ccaine\Github\audio-player\node_modules\speaker\node_modules\.bin;C:\Users\ccaine\Github\audio-player\node_modules\.bin;C:\Program Files\Microsoft MPI\Bin\;C:\Program Files\ImageMagick-7.0.4-Q16;C:\ProgramData\Oracle\Java\javapath;C:\Program Files (x86)\Intel\iCLS Client\;C:\Program Files\Intel\iCLS Client\;C:\WINDOWS\system32;C:\WINDOWS;C:\WINDOWS\System32\Wbem;C:\WINDOWS\System32\WindowsPowerShell\v1.0\;C:\Program Files (x86)\Intel\OpenCL SDK\3.0\bin\x86;C:\Program Files (x86)\Intel\OpenCL SDK\3.0\bin\x64;C:\Program Files\Intel\Intel(R) Management Engine Components\DAL;C:\Program Files\Intel\Intel(R) Management Engine Components\IPT;C:\Program Files (x86)\Intel\Intel(R) Management Engine Components\DAL;C:\Program Files (x86)\Intel\Intel(R) Management Engine Components\IPT;C:\Program Files (x86)\Google\Google Apps Sync\;C:\Program Files (x86)\Google\Google Apps Migration\;C:\Program Files (x86)\Microsoft ASP.NET\ASP.NET Web Pages\v1.0\;C:\Program Files (x86)\Windows Kits\8.0\Windows Performance Toolkit\;C:\Program Files\Microsoft SQL Server\110\Tools\Binn\;C:\Program Files\Microsoft SQL Server\110\DTS\Binn\;C:\Program Files (x86)\Microsoft SQL Server\110\Tools\Binn\;C:\Program Files (x86)\Microsoft SQL Server\110\Tools\Binn\ManagementStudio\;C:\Program Files (x86)\Microsoft Visual Studio 10.0\Common7\IDE\PrivateAssemblies\;C:\Program Files (x86)\Microsoft SQL Server\110\DTS\Binn\;C:\Program Files\Microsoft\Web Platform Installer\;C:\Program Files\nodejs\;c:\Program Files (x86)\Microsoft SQL Server\100\Tools\Binn\;c:\Program Files\Microsoft SQL Server\100\Tools\Binn\;c:\Program Files\Microsoft SQL Server\100\DTS\Binn\;C:\Program Files (x86)\PuTTY\;C:\ffmpeg\bin;C:\Program Files (x86)\QuickTime\QTSystem\;C:\Program Files\dotnet\;C:\Program Files\Microsoft SQL Server\130\Tools\Binn\;C:\Program Files\Git\cmd;C:\Program Files\Microsoft SQL Server\Client SDK\ODBC\130\Tools\Binn\;C:\Program Files (x86)\Microsoft SQL Server\130\Tools\Binn\;C:\Program Files\Microsoft SQL Server\130\DTS\Binn\;C:\Program Files (x86)\Microsoft SQL Server\130\DTS\Binn\;C:\Program Files (x86)\Microsoft SQL Server\Client SDK\ODBC\130\Tools\Binn\;C:\Program Files (x86)\Microsoft SQL Server\130\Tools\Binn\ManagementStudio\;C:\Users\ccaine\AppData\Local\Microsoft\WindowsApps;;C:\Program Files (x86)\Microsoft VS Code\bin
824 verbose lifecycle speaker@0.2.6~install: CWD: C:\Users\ccaine\Github\audio-player\node_modules\speaker
825 silly lifecycle speaker@0.2.6~install: Args: [ '/d /s /c', 'node-gyp rebuild' ]
826 silly lifecycle speaker@0.2.6~install: Returned: code: 1  signal: null
827 info lifecycle speaker@0.2.6~install: Failed to exec install script
828 verbose unlock done using C:\Users\ccaine\AppData\Roaming\npm-cache\_locks\staging-ca0fbaf2aa6cccd5.lock for C:\Users\ccaine\Github\audio-player\node_modules\.staging
829 silly rollbackFailedOptional Starting
830 silly rollbackFailedOptional Finishing
831 silly runTopLevelLifecycles Starting
832 silly runTopLevelLifecycles Finishing
833 silly install printInstalled
834 warn EPACKAGEJSON audio-player@1.0.0 No repository field.
835 verbose stack Error: speaker@0.2.6 install: `node-gyp rebuild`
835 verbose stack Exit status 1
835 verbose stack     at EventEmitter.<anonymous> (C:\Program Files\nodejs\node_modules\npm\lib\utils\lifecycle.js:232:16)
835 verbose stack     at emitTwo (events.js:87:13)
835 verbose stack     at EventEmitter.emit (events.js:172:7)
835 verbose stack     at ChildProcess.<anonymous> (C:\Program Files\nodejs\node_modules\npm\lib\utils\spawn.js:24:14)
835 verbose stack     at emitTwo (events.js:87:13)
835 verbose stack     at ChildProcess.emit (events.js:172:7)
835 verbose stack     at maybeClose (internal/child_process.js:818:16)
835 verbose stack     at Process.ChildProcess._handle.onexit (internal/child_process.js:211:5)
836 verbose pkgid speaker@0.2.6
837 verbose cwd C:\Users\ccaine\Github\audio-player
838 error Windows_NT 10.0.15063
839 error argv "C:\\Program Files\\nodejs\\node.exe" "C:\\Program Files\\nodejs\\node_modules\\npm\\bin\\npm-cli.js" "install" "--save" "speaker"
840 error node v5.1.0
841 error npm  v3.3.12
842 error code ELIFECYCLE
843 error speaker@0.2.6 install: `node-gyp rebuild`
843 error Exit status 1
844 error Failed at the speaker@0.2.6 install script 'node-gyp rebuild'.
844 error Make sure you have the latest version of node.js and npm installed.
844 error If you do, this is most likely a problem with the speaker package,
844 error not with npm itself.
844 error Tell the author that this fails on your system:
844 error     node-gyp rebuild
844 error You can get their info via:
844 error     npm owner ls speaker
844 error There is likely additional logging output above.
845 verbose exit [ 1, true ]
